mode: set
github.com/noironetworks/aci-containers/pkg/apicapi/apic_crypto.go:33.51,37.17 4 1
github.com/noironetworks/aci-containers/pkg/apicapi/apic_crypto.go:37.17,39.3 1 1
github.com/noironetworks/aci-containers/pkg/apicapi/apic_crypto.go:40.2,40.19 1 1
github.com/noironetworks/aci-containers/pkg/apicapi/apic_crypto.go:44.39,48.27 3 1
github.com/noironetworks/aci-containers/pkg/apicapi/apic_crypto.go:49.23,51.17 2 1
github.com/noironetworks/aci-containers/pkg/apicapi/apic_crypto.go:51.17,53.4 1 0
github.com/noironetworks/aci-containers/pkg/apicapi/apic_crypto.go:54.10,56.9 2 1
github.com/noironetworks/aci-containers/pkg/apicapi/apic_crypto.go:59.2,60.8 2 1
github.com/noironetworks/aci-containers/pkg/apicapi/apic_crypto.go:63.49,65.18 2 1
github.com/noironetworks/aci-containers/pkg/apicapi/apic_crypto.go:65.18,67.3 1 1
github.com/noironetworks/aci-containers/pkg/apicapi/apic_crypto.go:68.2,68.51 1 1
github.com/noironetworks/aci-containers/pkg/apicapi/apic_crypto.go:68.51,70.3 1 1
github.com/noironetworks/aci-containers/pkg/apicapi/apic_crypto.go:71.2,72.20 2 1
github.com/noironetworks/aci-containers/pkg/apicapi/apic_crypto.go:73.21,75.17 2 1
github.com/noironetworks/aci-containers/pkg/apicapi/apic_crypto.go:75.17,77.4 1 0
github.com/noironetworks/aci-containers/pkg/apicapi/apic_crypto.go:78.3,78.14 1 1
github.com/noironetworks/aci-containers/pkg/apicapi/apic_crypto.go:79.25,81.17 2 1
github.com/noironetworks/aci-containers/pkg/apicapi/apic_crypto.go:81.17,83.4 1 0
github.com/noironetworks/aci-containers/pkg/apicapi/apic_crypto.go:84.3,84.14 1 1
github.com/noironetworks/aci-containers/pkg/apicapi/apic_crypto.go:85.10,86.64 1 1
github.com/noironetworks/aci-containers/pkg/apicapi/apic_crypto.go:88.2,88.15 1 1
github.com/noironetworks/aci-containers/pkg/apicapi/apic_metadata.go:63.40,64.43 1 1
github.com/noironetworks/aci-containers/pkg/apicapi/apic_metadata.go:64.43,66.3 1 1
github.com/noironetworks/aci-containers/pkg/apicapi/apic_metadata.go:67.2,67.13 1 1
github.com/noironetworks/aci-containers/pkg/apicapi/apic_metadata.go:70.56,71.25 1 1
github.com/noironetworks/aci-containers/pkg/apicapi/apic_metadata.go:71.25,73.3 1 0
github.com/noironetworks/aci-containers/pkg/apicapi/apic_metadata.go:75.2,75.29 1 1
github.com/noironetworks/aci-containers/pkg/apicapi/apic_metadata.go:75.29,77.9 2 1
github.com/noironetworks/aci-containers/pkg/apicapi/apic_metadata.go:77.9,78.40 1 1
github.com/noironetworks/aci-containers/pkg/apicapi/apic_metadata.go:78.40,80.5 1 1
github.com/noironetworks/aci-containers/pkg/apicapi/apic_metadata.go:85.42,86.45 1 1
github.com/noironetworks/aci-containers/pkg/apicapi/apic_metadata.go:86.45,88.3 1 1
github.com/noironetworks/aci-containers/pkg/apicapi/apic_metadata.go:89.2,89.14 1 1
github.com/noironetworks/aci-containers/pkg/apicapi/apic_metadata.go:92.48,93.25 1 1
github.com/noironetworks/aci-containers/pkg/apicapi/apic_metadata.go:93.25,95.3 1 0
github.com/noironetworks/aci-containers/pkg/apicapi/apic_metadata.go:97.2,98.8 2 1
github.com/noironetworks/aci-containers/pkg/apicapi/apic_metadata.go:98.8,99.39 1 1
github.com/noironetworks/aci-containers/pkg/apicapi/apic_metadata.go:99.39,101.4 1 1
github.com/noironetworks/aci-containers/pkg/apicapi/apic_metadata.go:105.40,106.25 1 1
github.com/noironetworks/aci-containers/pkg/apicapi/apic_metadata.go:106.25,108.3 1 0
github.com/noironetworks/aci-containers/pkg/apicapi/apic_metadata.go:109.2,112.8 3 1
github.com/noironetworks/aci-containers/pkg/apicapi/apic_metadata.go:112.8,113.39 1 1
github.com/noironetworks/aci-containers/pkg/apicapi/apic_metadata.go:113.39,115.4 1 1
github.com/noironetworks/aci-containers/pkg/apicapi/apic_metadata.go:119.47,120.25 1 1
github.com/noironetworks/aci-containers/pkg/apicapi/apic_metadata.go:120.25,122.3 1 0
github.com/noironetworks/aci-containers/pkg/apicapi/apic_metadata.go:124.2,128.8 3 1
github.com/noironetworks/aci-containers/pkg/apicapi/apic_metadata.go:128.8,129.39 1 1
github.com/noironetworks/aci-containers/pkg/apicapi/apic_metadata.go:129.39,131.4 1 1
github.com/noironetworks/aci-containers/pkg/apicapi/apic_metadata.go:135.51,136.25 1 1
github.com/noironetworks/aci-containers/pkg/apicapi/apic_metadata.go:136.25,138.3 1 1
github.com/noironetworks/aci-containers/pkg/apicapi/apic_metadata.go:139.2,142.8 3 1
github.com/noironetworks/aci-containers/pkg/apicapi/apic_metadata.go:142.8,143.39 1 1
github.com/noironetworks/aci-containers/pkg/apicapi/apic_metadata.go:143.39,145.4 1 1
github.com/noironetworks/aci-containers/pkg/apicapi/apic_metadata.go:1260.51,1262.14 2 1
github.com/noironetworks/aci-containers/pkg/apicapi/apic_metadata.go:1262.14,1264.3 1 1
github.com/noironetworks/aci-containers/pkg/apicapi/apic_metadata.go:1266.2,1267.14 2 1
github.com/noironetworks/aci-containers/pkg/apicapi/apic_metadata.go:1267.14,1269.3 1 1
github.com/noironetworks/aci-containers/pkg/apicapi/apic_metadata.go:1271.2,1272.12 2 1
github.com/noironetworks/aci-containers/pkg/apicapi/apic_sync.go:28.53,30.9 2 1
github.com/noironetworks/aci-containers/pkg/apicapi/apic_sync.go:30.9,33.3 2 1
github.com/noironetworks/aci-containers/pkg/apicapi/apic_sync.go:34.2,34.29 1 1
github.com/noironetworks/aci-containers/pkg/apicapi/apic_sync.go:34.29,36.3 1 0
github.com/noironetworks/aci-containers/pkg/apicapi/apic_sync.go:37.2,37.29 1 1
github.com/noironetworks/aci-containers/pkg/apicapi/apic_sync.go:37.29,39.3 1 0
github.com/noironetworks/aci-containers/pkg/apicapi/apic_sync.go:40.2,40.38 1 1
github.com/noironetworks/aci-containers/pkg/apicapi/apic_sync.go:40.38,41.62 1 1
github.com/noironetworks/aci-containers/pkg/apicapi/apic_sync.go:41.62,44.48 3 1
github.com/noironetworks/aci-containers/pkg/apicapi/apic_sync.go:44.48,47.13 3 1
github.com/noironetworks/aci-containers/pkg/apicapi/apic_sync.go:50.3,51.10 2 1
github.com/noironetworks/aci-containers/pkg/apicapi/apic_sync.go:51.10,53.4 1 1
github.com/noironetworks/aci-containers/pkg/apicapi/apic_sync.go:54.3,55.10 2 1
github.com/noironetworks/aci-containers/pkg/apicapi/apic_sync.go:55.10,57.4 1 1
github.com/noironetworks/aci-containers/pkg/apicapi/apic_sync.go:59.3,59.15 1 1
github.com/noironetworks/aci-containers/pkg/apicapi/apic_sync.go:59.15,61.4 1 1
github.com/noironetworks/aci-containers/pkg/apicapi/apic_sync.go:63.2,63.52 1 1
github.com/noironetworks/aci-containers/pkg/apicapi/apic_sync.go:63.52,65.10 2 1
github.com/noironetworks/aci-containers/pkg/apicapi/apic_sync.go:65.10,67.4 1 1
github.com/noironetworks/aci-containers/pkg/apicapi/apic_sync.go:68.3,69.10 2 1
github.com/noironetworks/aci-containers/pkg/apicapi/apic_sync.go:69.10,71.4 1 1
github.com/noironetworks/aci-containers/pkg/apicapi/apic_sync.go:72.3,72.23 1 1
github.com/noironetworks/aci-containers/pkg/apicapi/apic_sync.go:72.23,74.4 1 1
github.com/noironetworks/aci-containers/pkg/apicapi/apic_sync.go:77.2,77.13 1 1
github.com/noironetworks/aci-containers/pkg/apicapi/apic_sync.go:81.27,82.37 1 1
github.com/noironetworks/aci-containers/pkg/apicapi/apic_sync.go:82.37,83.38 1 1
github.com/noironetworks/aci-containers/pkg/apicapi/apic_sync.go:83.38,84.24 1 1
github.com/noironetworks/aci-containers/pkg/apicapi/apic_sync.go:84.24,87.5 2 1
github.com/noironetworks/aci-containers/pkg/apicapi/apic_sync.go:89.4,89.53 1 1
github.com/noironetworks/aci-containers/pkg/apicapi/apic_sync.go:92.2,92.13 1 0
github.com/noironetworks/aci-containers/pkg/apicapi/apic_sync.go:96.54,97.37 1 1
github.com/noironetworks/aci-containers/pkg/apicapi/apic_sync.go:97.37,98.38 1 1
github.com/noironetworks/aci-containers/pkg/apicapi/apic_sync.go:98.38,99.24 1 1
github.com/noironetworks/aci-containers/pkg/apicapi/apic_sync.go:99.24,102.5 2 0
github.com/noironetworks/aci-containers/pkg/apicapi/apic_sync.go:104.4,104.51 1 1
github.com/noironetworks/aci-containers/pkg/apicapi/apic_sync.go:104.51,106.5 1 1
github.com/noironetworks/aci-containers/pkg/apicapi/apic_sync.go:108.4,110.59 3 1
github.com/noironetworks/aci-containers/pkg/apicapi/apic_sync.go:110.59,112.16 2 1
github.com/noironetworks/aci-containers/pkg/apicapi/apic_sync.go:112.16,114.43 2 0
github.com/noironetworks/aci-containers/pkg/apicapi/apic_sync.go:114.43,116.21 2 0
github.com/noironetworks/aci-containers/pkg/apicapi/apic_sync.go:116.21,117.13 1 0
github.com/noironetworks/aci-containers/pkg/apicapi/apic_sync.go:120.6,120.20 1 0
github.com/noironetworks/aci-containers/pkg/apicapi/apic_sync.go:120.20,122.15 2 0
github.com/noironetworks/aci-containers/pkg/apicapi/apic_sync.go:124.6,125.9 2 0
github.com/noironetworks/aci-containers/pkg/apicapi/apic_sync.go:126.11,126.23 1 1
github.com/noironetworks/aci-containers/pkg/apicapi/apic_sync.go:126.23,129.6 2 1
github.com/noironetworks/aci-containers/pkg/apicapi/apic_sync.go:129.11,132.12 2 1
github.com/noironetworks/aci-containers/pkg/apicapi/apic_sync.go:132.12,134.7 1 1
github.com/noironetworks/aci-containers/pkg/apicapi/apic_sync.go:135.6,138.9 3 1
github.com/noironetworks/aci-containers/pkg/apicapi/apic_sync.go:141.4,141.32 1 1
github.com/noironetworks/aci-containers/pkg/apicapi/apic_sync.go:141.32,143.42 2 1
github.com/noironetworks/aci-containers/pkg/apicapi/apic_sync.go:143.42,145.20 2 1
github.com/noironetworks/aci-containers/pkg/apicapi/apic_sync.go:145.20,146.12 1 0
github.com/noironetworks/aci-containers/pkg/apicapi/apic_sync.go:149.5,149.19 1 1
github.com/noironetworks/aci-containers/pkg/apicapi/apic_sync.go:149.19,151.14 2 0
github.com/noironetworks/aci-containers/pkg/apicapi/apic_sync.go:153.5,154.8 2 1
github.com/noironetworks/aci-containers/pkg/apicapi/apic_sync.go:156.4,156.31 1 1
github.com/noironetworks/aci-containers/pkg/apicapi/apic_sync.go:156.31,158.5 1 1
github.com/noironetworks/aci-containers/pkg/apicapi/apic_sync.go:161.2,161.8 1 1
github.com/noironetworks/aci-containers/pkg/apicapi/apic_sync.go:164.66,166.34 2 1
github.com/noironetworks/aci-containers/pkg/apicapi/apic_sync.go:166.34,167.35 1 1
github.com/noironetworks/aci-containers/pkg/apicapi/apic_sync.go:167.35,168.57 1 1
github.com/noironetworks/aci-containers/pkg/apicapi/apic_sync.go:168.57,170.38 2 1
github.com/noironetworks/aci-containers/pkg/apicapi/apic_sync.go:170.38,172.6 1 1
github.com/noironetworks/aci-containers/pkg/apicapi/apic_sync.go:176.2,176.18 1 1
github.com/noironetworks/aci-containers/pkg/apicapi/apic_sync.go:180.78,187.53 5 1
github.com/noironetworks/aci-containers/pkg/apicapi/apic_sync.go:187.53,189.14 2 1
github.com/noironetworks/aci-containers/pkg/apicapi/apic_sync.go:189.14,191.39 2 1
github.com/noironetworks/aci-containers/pkg/apicapi/apic_sync.go:191.39,193.19 2 1
github.com/noironetworks/aci-containers/pkg/apicapi/apic_sync.go:193.19,194.11 1 0
github.com/noironetworks/aci-containers/pkg/apicapi/apic_sync.go:197.4,197.18 1 1
github.com/noironetworks/aci-containers/pkg/apicapi/apic_sync.go:197.18,200.13 3 0
github.com/noironetworks/aci-containers/pkg/apicapi/apic_sync.go:202.4,204.17 3 1
github.com/noironetworks/aci-containers/pkg/apicapi/apic_sync.go:205.9,205.21 1 1
github.com/noironetworks/aci-containers/pkg/apicapi/apic_sync.go:205.21,209.4 3 0
github.com/noironetworks/aci-containers/pkg/apicapi/apic_sync.go:209.9,210.50 1 1
github.com/noironetworks/aci-containers/pkg/apicapi/apic_sync.go:210.50,211.59 1 0
github.com/noironetworks/aci-containers/pkg/apicapi/apic_sync.go:211.59,214.6 2 0
github.com/noironetworks/aci-containers/pkg/apicapi/apic_sync.go:215.10,217.11 2 1
github.com/noironetworks/aci-containers/pkg/apicapi/apic_sync.go:217.11,220.6 2 1
github.com/noironetworks/aci-containers/pkg/apicapi/apic_sync.go:221.5,222.40 2 1
github.com/noironetworks/aci-containers/pkg/apicapi/apic_sync.go:222.40,224.20 2 1
github.com/noironetworks/aci-containers/pkg/apicapi/apic_sync.go:224.20,225.12 1 0
github.com/noironetworks/aci-containers/pkg/apicapi/apic_sync.go:228.5,228.19 1 1
github.com/noironetworks/aci-containers/pkg/apicapi/apic_sync.go:228.19,232.14 4 0
github.com/noironetworks/aci-containers/pkg/apicapi/apic_sync.go:235.5,236.18 2 1
github.com/noironetworks/aci-containers/pkg/apicapi/apic_sync.go:238.4,239.7 2 1
github.com/noironetworks/aci-containers/pkg/apicapi/apic_sync.go:243.2,243.28 1 1
github.com/noironetworks/aci-containers/pkg/apicapi/apic_sync.go:243.28,245.38 2 1
github.com/noironetworks/aci-containers/pkg/apicapi/apic_sync.go:245.38,247.18 2 1
github.com/noironetworks/aci-containers/pkg/apicapi/apic_sync.go:247.18,248.10 1 0
github.com/noironetworks/aci-containers/pkg/apicapi/apic_sync.go:251.3,251.17 1 1
github.com/noironetworks/aci-containers/pkg/apicapi/apic_sync.go:251.17,254.12 3 0
github.com/noironetworks/aci-containers/pkg/apicapi/apic_sync.go:256.3,258.16 3 1
github.com/noironetworks/aci-containers/pkg/apicapi/apic_sync.go:261.2,261.28 1 1
github.com/noironetworks/aci-containers/pkg/apicapi/apic_sync.go:261.28,265.3 3 1
github.com/noironetworks/aci-containers/pkg/apicapi/apic_sync.go:267.2,267.33 1 1
github.com/noironetworks/aci-containers/pkg/apicapi/apic_sync.go:267.33,269.3 1 1
github.com/noironetworks/aci-containers/pkg/apicapi/apic_sync.go:270.2,270.33 1 1
github.com/noironetworks/aci-containers/pkg/apicapi/apic_sync.go:270.33,272.3 1 1
github.com/noironetworks/aci-containers/pkg/apicapi/apic_sync.go:274.2,274.8 1 1
github.com/noironetworks/aci-containers/pkg/apicapi/apic_sync.go:277.39,279.38 2 1
github.com/noironetworks/aci-containers/pkg/apicapi/apic_sync.go:279.38,280.32 1 1
github.com/noironetworks/aci-containers/pkg/apicapi/apic_sync.go:280.32,282.4 1 0
github.com/noironetworks/aci-containers/pkg/apicapi/apic_sync.go:284.2,284.14 1 1
github.com/noironetworks/aci-containers/pkg/apicapi/apic_sync.go:287.37,289.23 2 1
github.com/noironetworks/aci-containers/pkg/apicapi/apic_sync.go:289.23,290.27 1 1
github.com/noironetworks/aci-containers/pkg/apicapi/apic_sync.go:290.27,292.4 1 0
github.com/noironetworks/aci-containers/pkg/apicapi/apic_sync.go:294.2,294.14 1 1
github.com/noironetworks/aci-containers/pkg/apicapi/apic_sync.go:298.18,302.33 3 1
github.com/noironetworks/aci-containers/pkg/apicapi/apic_sync.go:302.33,305.31 2 1
github.com/noironetworks/aci-containers/pkg/apicapi/apic_sync.go:305.31,307.4 1 0
github.com/noironetworks/aci-containers/pkg/apicapi/apic_sync.go:307.9,309.4 1 1
github.com/noironetworks/aci-containers/pkg/apicapi/apic_sync.go:311.2,311.33 1 1
github.com/noironetworks/aci-containers/pkg/apicapi/apic_sync.go:311.33,315.27 3 1
github.com/noironetworks/aci-containers/pkg/apicapi/apic_sync.go:315.27,317.4 1 0
github.com/noironetworks/aci-containers/pkg/apicapi/apic_sync.go:317.9,319.4 1 1
github.com/noironetworks/aci-containers/pkg/apicapi/apic_sync.go:323.47,326.2 2 1
github.com/noironetworks/aci-containers/pkg/apicapi/apic_sync.go:328.72,330.2 1 1
github.com/noironetworks/aci-containers/pkg/apicapi/apic_sync.go:332.67,334.30 2 1
github.com/noironetworks/aci-containers/pkg/apicapi/apic_sync.go:334.30,335.32 1 1
github.com/noironetworks/aci-containers/pkg/apicapi/apic_sync.go:335.32,336.54 1 1
github.com/noironetworks/aci-containers/pkg/apicapi/apic_sync.go:336.54,338.31 2 1
github.com/noironetworks/aci-containers/pkg/apicapi/apic_sync.go:338.31,340.6 1 0
github.com/noironetworks/aci-containers/pkg/apicapi/apic_sync.go:341.5,342.34 1 1
github.com/noironetworks/aci-containers/pkg/apicapi/apic_sync.go:344.4,346.37 2 1
github.com/noironetworks/aci-containers/pkg/apicapi/apic_sync.go:346.37,347.29 1 1
github.com/noironetworks/aci-containers/pkg/apicapi/apic_sync.go:347.29,349.6 1 1
github.com/noironetworks/aci-containers/pkg/apicapi/apic_sync.go:351.4,351.9 1 1
github.com/noironetworks/aci-containers/pkg/apicapi/apic_sync.go:354.2,354.16 1 1
github.com/noironetworks/aci-containers/pkg/apicapi/apic_sync.go:357.68,358.27 1 1
github.com/noironetworks/aci-containers/pkg/apicapi/apic_sync.go:358.27,359.29 1 1
github.com/noironetworks/aci-containers/pkg/apicapi/apic_sync.go:359.29,361.4 1 0
github.com/noironetworks/aci-containers/pkg/apicapi/apic_sync.go:362.3,365.35 4 1
github.com/noironetworks/aci-containers/pkg/apicapi/apic_sync.go:365.35,367.4 1 1
github.com/noironetworks/aci-containers/pkg/apicapi/apic_sync.go:368.3,369.8 2 1
github.com/noironetworks/aci-containers/pkg/apicapi/apic_sync.go:373.40,379.45 5 1
github.com/noironetworks/aci-containers/pkg/apicapi/apic_sync.go:379.45,385.3 5 1
github.com/noironetworks/aci-containers/pkg/apicapi/apic_sync.go:387.2,387.46 1 1
github.com/noironetworks/aci-containers/pkg/apicapi/apic_sync.go:387.46,389.42 2 1
github.com/noironetworks/aci-containers/pkg/apicapi/apic_sync.go:389.42,393.4 2 1
github.com/noironetworks/aci-containers/pkg/apicapi/apic_sync.go:396.2,408.25 7 1
github.com/noironetworks/aci-containers/pkg/apicapi/apic_sync.go:411.79,413.32 2 1
github.com/noironetworks/aci-containers/pkg/apicapi/apic_sync.go:413.32,415.13 2 1
github.com/noironetworks/aci-containers/pkg/apicapi/apic_sync.go:415.13,416.24 1 1
github.com/noironetworks/aci-containers/pkg/apicapi/apic_sync.go:416.24,418.12 2 1
github.com/noironetworks/aci-containers/pkg/apicapi/apic_sync.go:418.12,419.14 1 0
github.com/noironetworks/aci-containers/pkg/apicapi/apic_sync.go:421.5,422.12 2 1
github.com/noironetworks/aci-containers/pkg/apicapi/apic_sync.go:422.12,423.14 1 0
github.com/noironetworks/aci-containers/pkg/apicapi/apic_sync.go:425.5,425.30 1 1
github.com/noironetworks/aci-containers/pkg/apicapi/apic_sync.go:425.30,427.6 1 1
github.com/noironetworks/aci-containers/pkg/apicapi/apic_sync.go:431.2,431.26 1 1
github.com/noironetworks/aci-containers/pkg/apicapi/apic_sync.go:434.62,435.30 1 1
github.com/noironetworks/aci-containers/pkg/apicapi/apic_sync.go:435.30,436.24 1 1
github.com/noironetworks/aci-containers/pkg/apicapi/apic_sync.go:436.24,437.12 1 1
github.com/noironetworks/aci-containers/pkg/apicapi/apic_sync.go:439.3,440.28 2 1
github.com/noironetworks/aci-containers/pkg/apicapi/apic_sync.go:440.28,442.4 1 1
github.com/noironetworks/aci-containers/pkg/apicapi/apic_sync.go:446.58,447.14 1 1
github.com/noironetworks/aci-containers/pkg/apicapi/apic_sync.go:447.14,449.3 1 1
github.com/noironetworks/aci-containers/pkg/apicapi/apic_sync.go:450.2,450.44 1 1
github.com/noironetworks/aci-containers/pkg/apicapi/apic_sync.go:450.44,453.28 2 1
github.com/noironetworks/aci-containers/pkg/apicapi/apic_sync.go:453.28,454.40 1 1
github.com/noironetworks/aci-containers/pkg/apicapi/apic_sync.go:454.40,457.5 2 1
github.com/noironetworks/aci-containers/pkg/apicapi/apic_sync.go:463.38,472.33 6 1
github.com/noironetworks/aci-containers/pkg/apicapi/apic_sync.go:472.33,473.49 1 1
github.com/noironetworks/aci-containers/pkg/apicapi/apic_sync.go:473.49,475.4 1 0
github.com/noironetworks/aci-containers/pkg/apicapi/apic_sync.go:477.2,478.40 2 1
github.com/noironetworks/aci-containers/pkg/apicapi/apic_sync.go:478.40,480.10 2 0
github.com/noironetworks/aci-containers/pkg/apicapi/apic_sync.go:480.10,483.4 2 0
github.com/noironetworks/aci-containers/pkg/apicapi/apic_sync.go:485.3,485.49 1 0
github.com/noironetworks/aci-containers/pkg/apicapi/apic_sync.go:485.49,486.40 1 0
github.com/noironetworks/aci-containers/pkg/apicapi/apic_sync.go:486.40,487.30 1 0
github.com/noironetworks/aci-containers/pkg/apicapi/apic_sync.go:487.30,488.36 1 0
github.com/noironetworks/aci-containers/pkg/apicapi/apic_sync.go:488.36,491.7 2 0
github.com/noironetworks/aci-containers/pkg/apicapi/apic_sync.go:496.2,496.36 1 1
github.com/noironetworks/aci-containers/pkg/apicapi/apic_sync.go:496.36,498.3 1 0
github.com/noironetworks/aci-containers/pkg/apicapi/apic_sync.go:500.2,501.40 2 1
github.com/noironetworks/aci-containers/pkg/apicapi/apic_sync.go:501.40,503.16 2 0
github.com/noironetworks/aci-containers/pkg/apicapi/apic_sync.go:503.16,505.4 1 0
github.com/noironetworks/aci-containers/pkg/apicapi/apic_sync.go:507.2,507.30 1 1
github.com/noironetworks/aci-containers/pkg/apicapi/apic_sync.go:507.30,509.16 2 1
github.com/noironetworks/aci-containers/pkg/apicapi/apic_sync.go:509.16,511.4 1 1
github.com/noironetworks/aci-containers/pkg/apicapi/apic_sync.go:513.2,513.33 1 1
github.com/noironetworks/aci-containers/pkg/apicapi/apic_sync.go:513.33,515.16 2 1
github.com/noironetworks/aci-containers/pkg/apicapi/apic_sync.go:515.16,517.4 1 1
github.com/noironetworks/aci-containers/pkg/apicapi/apic_sync.go:520.2,520.20 1 1
github.com/noironetworks/aci-containers/pkg/apicapi/apic_sync.go:520.20,523.3 2 1
github.com/noironetworks/aci-containers/pkg/apicapi/apic_sync.go:523.8,526.3 2 1
github.com/noironetworks/aci-containers/pkg/apicapi/apic_sync.go:528.2,528.22 1 1
github.com/noironetworks/aci-containers/pkg/apicapi/apic_sync.go:528.22,531.3 2 0
github.com/noironetworks/aci-containers/pkg/apicapi/apic_sync.go:531.8,533.3 1 1
github.com/noironetworks/aci-containers/pkg/apicapi/apic_sync.go:536.60,538.2 1 1
github.com/noironetworks/aci-containers/pkg/apicapi/apic_sync.go:540.79,542.2 1 1
github.com/noironetworks/aci-containers/pkg/apicapi/apic_sync.go:544.58,546.2 1 1
github.com/noironetworks/aci-containers/pkg/apicapi/apic_sync.go:548.83,550.2 1 1
github.com/noironetworks/aci-containers/pkg/apicapi/apic_sync.go:552.77,554.2 1 1
github.com/noironetworks/aci-containers/pkg/apicapi/apic_sync.go:556.65,558.23 2 1
github.com/noironetworks/aci-containers/pkg/apicapi/apic_sync.go:558.23,561.3 2 0
github.com/noironetworks/aci-containers/pkg/apicapi/apic_sync.go:563.2,568.45 4 1
github.com/noironetworks/aci-containers/pkg/apicapi/apic_sync.go:568.45,569.28 1 1
github.com/noironetworks/aci-containers/pkg/apicapi/apic_sync.go:569.28,570.35 1 0
github.com/noironetworks/aci-containers/pkg/apicapi/apic_sync.go:570.35,578.5 2 0
github.com/noironetworks/aci-containers/pkg/apicapi/apic_sync.go:579.9,581.14 2 1
github.com/noironetworks/aci-containers/pkg/apicapi/apic_sync.go:581.14,583.5 1 1
github.com/noironetworks/aci-containers/pkg/apicapi/apic_sync.go:584.4,586.33 2 1
github.com/noironetworks/aci-containers/pkg/apicapi/apic_sync.go:586.33,593.5 1 1
github.com/noironetworks/aci-containers/pkg/apicapi/apic_sync.go:595.8,597.26 2 1
github.com/noironetworks/aci-containers/pkg/apicapi/apic_sync.go:597.26,601.4 2 1
github.com/noironetworks/aci-containers/pkg/apicapi/apic_sync.go:604.2,606.51 2 1
github.com/noironetworks/aci-containers/pkg/apicapi/apic_types.go:154.30,156.2 1 1
github.com/noironetworks/aci-containers/pkg/apicapi/apic_types.go:157.35,159.2 1 1
github.com/noironetworks/aci-containers/pkg/apicapi/apic_types.go:161.67,165.2 3 1
github.com/noironetworks/aci-containers/pkg/apicapi/apic_types.go:167.40,169.43 2 1
github.com/noironetworks/aci-containers/pkg/apicapi/apic_types.go:169.43,171.3 1 0
github.com/noironetworks/aci-containers/pkg/apicapi/apic_types.go:172.2,172.18 1 1
github.com/noironetworks/aci-containers/pkg/apicapi/apic_types.go:175.41,177.2 1 1
github.com/noironetworks/aci-containers/pkg/apicapi/apic_types.go:179.40,181.2 1 1
github.com/noironetworks/aci-containers/pkg/apicapi/apic_types.go:183.40,185.2 1 1
github.com/noironetworks/aci-containers/pkg/apicapi/apic_types.go:187.36,189.18 2 1
github.com/noironetworks/aci-containers/pkg/apicapi/apic_types.go:189.18,191.3 1 1
github.com/noironetworks/aci-containers/pkg/apicapi/apic_types.go:192.2,192.15 1 1
github.com/noironetworks/aci-containers/pkg/apicapi/apic_types.go:195.41,197.2 1 0
github.com/noironetworks/aci-containers/pkg/apicapi/apic_types.go:199.42,201.2 1 0
github.com/noironetworks/aci-containers/pkg/apicapi/apic_types.go:203.37,205.16 2 1
github.com/noironetworks/aci-containers/pkg/apicapi/apic_types.go:205.16,207.3 1 0
github.com/noironetworks/aci-containers/pkg/apicapi/apic_types.go:208.2,208.21 1 1
github.com/noironetworks/aci-containers/pkg/apicapi/apic_types.go:211.36,212.25 1 1
github.com/noironetworks/aci-containers/pkg/apicapi/apic_types.go:212.25,213.50 1 1
github.com/noironetworks/aci-containers/pkg/apicapi/apic_types.go:213.50,215.4 1 1
github.com/noironetworks/aci-containers/pkg/apicapi/apic_types.go:217.2,217.11 1 1
github.com/noironetworks/aci-containers/pkg/apicapi/apic_types.go:220.53,222.14 2 1
github.com/noironetworks/aci-containers/pkg/apicapi/apic_types.go:222.14,224.3 1 1
github.com/noironetworks/aci-containers/pkg/apicapi/apic_types.go:225.2,226.14 2 1
github.com/noironetworks/aci-containers/pkg/apicapi/apic_types.go:226.14,228.3 1 1
github.com/noironetworks/aci-containers/pkg/apicapi/apic_types.go:229.2,229.11 1 1
github.com/noironetworks/aci-containers/pkg/apicapi/apic_types.go:235.37,236.25 1 1
github.com/noironetworks/aci-containers/pkg/apicapi/apic_types.go:236.25,237.35 1 1
github.com/noironetworks/aci-containers/pkg/apicapi/apic_types.go:237.35,238.32 1 1
github.com/noironetworks/aci-containers/pkg/apicapi/apic_types.go:238.32,239.33 1 1
github.com/noironetworks/aci-containers/pkg/apicapi/apic_types.go:239.33,240.33 1 1
github.com/noironetworks/aci-containers/pkg/apicapi/apic_types.go:240.33,241.15 1 0
github.com/noironetworks/aci-containers/pkg/apicapi/apic_types.go:243.6,243.55 1 1
github.com/noironetworks/aci-containers/pkg/apicapi/apic_types.go:243.55,244.37 1 1
github.com/noironetworks/aci-containers/pkg/apicapi/apic_types.go:244.37,245.65 1 1
github.com/noironetworks/aci-containers/pkg/apicapi/apic_types.go:245.65,247.9 1 1
github.com/noironetworks/aci-containers/pkg/apicapi/apic_types.go:248.8,248.17 1 0
github.com/noironetworks/aci-containers/pkg/apicapi/apic_types.go:254.3,254.8 1 1
github.com/noironetworks/aci-containers/pkg/apicapi/apic_types.go:256.2,256.11 1 1
github.com/noironetworks/aci-containers/pkg/apicapi/apic_types.go:259.40,260.25 1 1
github.com/noironetworks/aci-containers/pkg/apicapi/apic_types.go:260.25,261.48 1 1
github.com/noironetworks/aci-containers/pkg/apicapi/apic_types.go:261.48,263.47 2 1
github.com/noironetworks/aci-containers/pkg/apicapi/apic_types.go:263.47,264.33 1 1
github.com/noironetworks/aci-containers/pkg/apicapi/apic_types.go:264.33,266.33 2 1
github.com/noironetworks/aci-containers/pkg/apicapi/apic_types.go:266.33,267.56 1 1
github.com/noironetworks/aci-containers/pkg/apicapi/apic_types.go:267.56,268.38 1 1
github.com/noironetworks/aci-containers/pkg/apicapi/apic_types.go:268.38,271.9 2 1
github.com/noironetworks/aci-containers/pkg/apicapi/apic_types.go:277.4,277.13 1 1
github.com/noironetworks/aci-containers/pkg/apicapi/apic_types.go:277.13,280.5 1 0
github.com/noironetworks/aci-containers/pkg/apicapi/apic_types.go:282.3,282.8 1 1
github.com/noironetworks/aci-containers/pkg/apicapi/apic_types.go:284.2,284.25 1 1
github.com/noironetworks/aci-containers/pkg/apicapi/apic_types.go:284.25,287.3 1 1
github.com/noironetworks/aci-containers/pkg/apicapi/apic_types.go:290.72,291.25 1 1
github.com/noironetworks/aci-containers/pkg/apicapi/apic_types.go:291.25,292.29 1 1
github.com/noironetworks/aci-containers/pkg/apicapi/apic_types.go:292.29,294.4 1 0
github.com/noironetworks/aci-containers/pkg/apicapi/apic_types.go:295.3,296.8 2 1
github.com/noironetworks/aci-containers/pkg/apicapi/apic_types.go:298.2,298.10 1 1
github.com/noironetworks/aci-containers/pkg/apicapi/apic_types.go:301.54,302.25 1 1
github.com/noironetworks/aci-containers/pkg/apicapi/apic_types.go:302.25,303.29 1 1
github.com/noironetworks/aci-containers/pkg/apicapi/apic_types.go:303.29,305.4 1 0
github.com/noironetworks/aci-containers/pkg/apicapi/apic_types.go:306.3,306.31 1 1
github.com/noironetworks/aci-containers/pkg/apicapi/apic_types.go:308.2,308.12 1 0
github.com/noironetworks/aci-containers/pkg/apicapi/apic_types.go:311.52,312.25 1 1
github.com/noironetworks/aci-containers/pkg/apicapi/apic_types.go:312.25,313.29 1 1
github.com/noironetworks/aci-containers/pkg/apicapi/apic_types.go:313.29,315.4 1 0
github.com/noironetworks/aci-containers/pkg/apicapi/apic_types.go:316.3,316.46 1 1
github.com/noironetworks/aci-containers/pkg/apicapi/apic_types.go:317.15,318.14 1 1
github.com/noironetworks/aci-containers/pkg/apicapi/apic_types.go:319.11,320.13 1 1
github.com/noironetworks/aci-containers/pkg/apicapi/apic_types.go:323.2,323.11 1 1
github.com/noironetworks/aci-containers/pkg/apicapi/apic_types.go:326.40,327.25 1 1
github.com/noironetworks/aci-containers/pkg/apicapi/apic_types.go:327.25,329.3 1 1
github.com/noironetworks/aci-containers/pkg/apicapi/apic_types.go:330.2,330.11 1 1
github.com/noironetworks/aci-containers/pkg/apicapi/apic_types.go:333.44,334.25 1 1
github.com/noironetworks/aci-containers/pkg/apicapi/apic_types.go:334.25,336.8 2 1
github.com/noironetworks/aci-containers/pkg/apicapi/apic_types.go:340.45,342.47 2 1
github.com/noironetworks/aci-containers/pkg/apicapi/apic_types.go:342.47,344.3 1 1
github.com/noironetworks/aci-containers/pkg/apicapi/apic_types.go:345.2,347.3 1 1
github.com/noironetworks/aci-containers/pkg/apicapi/apic_types.go:350.51,357.2 2 1
github.com/noironetworks/aci-containers/pkg/apicapi/apic_types.go:359.37,361.22 2 1
github.com/noironetworks/aci-containers/pkg/apicapi/apic_types.go:361.22,363.3 1 1
github.com/noironetworks/aci-containers/pkg/apicapi/apic_types.go:364.2,364.15 1 1
github.com/noironetworks/aci-containers/pkg/apicapi/apic_types.go:367.39,369.29 2 1
github.com/noironetworks/aci-containers/pkg/apicapi/apic_types.go:369.29,371.37 2 1
github.com/noironetworks/aci-containers/pkg/apicapi/apic_types.go:371.37,373.4 1 1
github.com/noironetworks/aci-containers/pkg/apicapi/apic_types.go:375.3,378.4 1 1
github.com/noironetworks/aci-containers/pkg/apicapi/apic_types.go:381.2,381.12 1 1
github.com/noironetworks/aci-containers/pkg/apicapi/apic_types.go:384.42,388.2 3 1
github.com/noironetworks/aci-containers/pkg/apicapi/apic_types.go:390.72,397.2 5 1
github.com/noironetworks/aci-containers/pkg/apicapi/apic_types.go:399.57,405.2 4 1
github.com/noironetworks/aci-containers/pkg/apicapi/apic_types.go:407.57,413.2 4 1
github.com/noironetworks/aci-containers/pkg/apicapi/apic_types.go:415.66,421.2 4 1
github.com/noironetworks/aci-containers/pkg/apicapi/apic_types.go:423.51,429.2 4 1
github.com/noironetworks/aci-containers/pkg/apicapi/apic_types.go:431.51,437.2 4 1
github.com/noironetworks/aci-containers/pkg/apicapi/apic_types.go:439.51,445.2 4 1
github.com/noironetworks/aci-containers/pkg/apicapi/apic_types.go:447.60,454.2 6 1
github.com/noironetworks/aci-containers/pkg/apicapi/apic_types.go:456.55,462.2 5 1
github.com/noironetworks/aci-containers/pkg/apicapi/apic_types.go:464.45,469.2 4 1
github.com/noironetworks/aci-containers/pkg/apicapi/apic_types.go:471.41,476.2 4 0
github.com/noironetworks/aci-containers/pkg/apicapi/apic_types.go:478.54,483.2 4 1
github.com/noironetworks/aci-containers/pkg/apicapi/apic_types.go:485.56,490.2 4 1
github.com/noironetworks/aci-containers/pkg/apicapi/apic_types.go:492.64,498.2 5 1
github.com/noironetworks/aci-containers/pkg/apicapi/apic_types.go:500.44,505.2 4 1
github.com/noironetworks/aci-containers/pkg/apicapi/apic_types.go:507.52,512.2 4 1
github.com/noironetworks/aci-containers/pkg/apicapi/apic_types.go:514.45,519.2 4 1
github.com/noironetworks/aci-containers/pkg/apicapi/apic_types.go:521.73,528.2 6 1
github.com/noironetworks/aci-containers/pkg/apicapi/apic_types.go:530.52,535.2 4 1
github.com/noironetworks/aci-containers/pkg/apicapi/apic_types.go:537.68,544.2 6 1
github.com/noironetworks/aci-containers/pkg/apicapi/apic_types.go:546.50,552.2 4 1
github.com/noironetworks/aci-containers/pkg/apicapi/apic_types.go:554.54,559.2 4 1
github.com/noironetworks/aci-containers/pkg/apicapi/apic_types.go:561.54,567.2 4 1
github.com/noironetworks/aci-containers/pkg/apicapi/apic_types.go:569.63,575.2 4 1
github.com/noironetworks/aci-containers/pkg/apicapi/apic_types.go:577.56,583.2 4 1
github.com/noironetworks/aci-containers/pkg/apicapi/apic_types.go:585.48,591.2 4 1
github.com/noironetworks/aci-containers/pkg/apicapi/apic_types.go:593.54,599.2 4 1
github.com/noironetworks/aci-containers/pkg/apicapi/apic_types.go:601.51,607.2 4 1
github.com/noironetworks/aci-containers/pkg/apicapi/apic_types.go:609.56,613.26 4 1
github.com/noironetworks/aci-containers/pkg/apicapi/apic_types.go:613.26,615.3 1 0
github.com/noironetworks/aci-containers/pkg/apicapi/apic_types.go:615.8,617.3 1 1
github.com/noironetworks/aci-containers/pkg/apicapi/apic_types.go:618.2,619.12 2 1
github.com/noironetworks/aci-containers/pkg/apicapi/apic_types.go:622.57,628.2 4 1
github.com/noironetworks/aci-containers/pkg/apicapi/apic_types.go:630.56,636.2 4 1
github.com/noironetworks/aci-containers/pkg/apicapi/apic_types.go:638.56,644.2 4 1
github.com/noironetworks/aci-containers/pkg/apicapi/apic_types.go:646.60,652.2 4 1
github.com/noironetworks/aci-containers/pkg/apicapi/apic_types.go:654.56,659.2 4 1
github.com/noironetworks/aci-containers/pkg/apicapi/apic_types.go:661.55,667.2 4 1
github.com/noironetworks/aci-containers/pkg/apicapi/apic_types.go:669.60,675.2 4 1
github.com/noironetworks/aci-containers/pkg/apicapi/apic_types.go:677.64,683.2 4 1
github.com/noironetworks/aci-containers/pkg/apicapi/apic_types.go:685.65,691.2 4 1
github.com/noironetworks/aci-containers/pkg/apicapi/apic_types.go:693.60,699.2 4 1
github.com/noironetworks/aci-containers/pkg/apicapi/apic_types.go:701.56,707.2 4 1
github.com/noironetworks/aci-containers/pkg/apicapi/apic_types.go:709.69,715.2 4 1
github.com/noironetworks/aci-containers/pkg/apicapi/apic_types.go:717.50,723.2 4 1
github.com/noironetworks/aci-containers/pkg/apicapi/apic_types.go:725.57,731.2 4 1
github.com/noironetworks/aci-containers/pkg/apicapi/apic_types.go:733.51,739.2 4 1
github.com/noironetworks/aci-containers/pkg/apicapi/apic_types.go:741.50,747.2 4 1
github.com/noironetworks/aci-containers/pkg/apicapi/apic_types.go:749.61,755.2 4 1
github.com/noironetworks/aci-containers/pkg/apicapi/apic_types.go:757.57,763.2 4 1
github.com/noironetworks/aci-containers/pkg/apicapi/apic_types.go:765.61,771.2 4 1
github.com/noironetworks/aci-containers/pkg/apicapi/apic_types.go:773.62,779.2 4 1
github.com/noironetworks/aci-containers/pkg/apicapi/apic_types.go:781.52,786.2 3 1
github.com/noironetworks/aci-containers/pkg/apicapi/apic_types.go:788.47,793.2 3 1
github.com/noironetworks/aci-containers/pkg/apicapi/apic_types.go:795.48,800.2 3 1
github.com/noironetworks/aci-containers/pkg/apicapi/apic_types.go:802.60,808.2 4 1
github.com/noironetworks/aci-containers/pkg/apicapi/apic_types.go:810.66,816.2 4 1
github.com/noironetworks/aci-containers/pkg/apicapi/apic_types.go:818.54,824.2 4 1
github.com/noironetworks/aci-containers/pkg/apicapi/apic_types.go:826.58,832.2 4 1
github.com/noironetworks/aci-containers/pkg/apicapi/apic_types.go:834.58,840.2 4 1
github.com/noironetworks/aci-containers/pkg/apicapi/apic_types.go:842.63,849.2 5 1
github.com/noironetworks/aci-containers/pkg/apicapi/apic_types.go:851.62,858.2 5 1
github.com/noironetworks/aci-containers/pkg/apicapi/apic_types.go:860.66,866.2 4 1
github.com/noironetworks/aci-containers/pkg/apicapi/apic_types.go:868.66,874.2 4 1
github.com/noironetworks/aci-containers/pkg/apicapi/apic_types.go:876.68,882.2 4 1
github.com/noironetworks/aci-containers/pkg/apicapi/apic_types.go:884.67,890.2 4 1
github.com/noironetworks/aci-containers/pkg/apicapi/apic_types.go:893.58,902.2 6 1
github.com/noironetworks/aci-containers/pkg/apicapi/apic_types.go:904.61,910.2 4 1
github.com/noironetworks/aci-containers/pkg/apicapi/apic_types.go:912.62,918.2 4 1
github.com/noironetworks/aci-containers/pkg/apicapi/apic_types.go:920.70,926.2 4 1
github.com/noironetworks/aci-containers/pkg/apicapi/apic_types.go:928.58,934.2 4 1
github.com/noironetworks/aci-containers/pkg/apicapi/apic_types.go:936.59,942.2 4 1
github.com/noironetworks/aci-containers/pkg/apicapi/apic_types.go:944.52,950.2 4 1
github.com/noironetworks/aci-containers/pkg/apicapi/apic_types.go:952.50,958.2 4 1
github.com/noironetworks/aci-containers/pkg/apicapi/apic_types.go:960.46,965.2 3 1
github.com/noironetworks/aci-containers/pkg/apicapi/apic_types.go:967.47,972.2 3 1
github.com/noironetworks/aci-containers/pkg/apicapi/apic_types.go:974.65,980.2 4 1
github.com/noironetworks/aci-containers/pkg/apicapi/apic_types.go:982.75,988.2 4 1
github.com/noironetworks/aci-containers/pkg/apicapi/apic_types.go:990.76,996.2 4 1
github.com/noironetworks/aci-containers/pkg/apicapi/apic_types.go:998.69,1004.2 4 1
github.com/noironetworks/aci-containers/pkg/apicapi/apic_types.go:1006.88,1009.14 3 1
github.com/noironetworks/aci-containers/pkg/apicapi/apic_types.go:1009.14,1011.3 1 0
github.com/noironetworks/aci-containers/pkg/apicapi/apic_types.go:1012.2,1014.12 2 1
github.com/noironetworks/aci-containers/pkg/apicapi/apic_types.go:1017.54,1023.2 4 1
github.com/noironetworks/aci-containers/pkg/apicapi/apic_types.go:1025.51,1031.2 4 1
github.com/noironetworks/aci-containers/pkg/apicapi/apic_types.go:1033.65,1039.2 4 1
github.com/noironetworks/aci-containers/pkg/apicapi/apic_types.go:1040.66,1046.2 4 0
github.com/noironetworks/aci-containers/pkg/apicapi/apic_types.go:1048.84,1060.2 9 0
github.com/noironetworks/aci-containers/pkg/apicapi/apic_types.go:1062.85,1070.2 5 0
github.com/noironetworks/aci-containers/pkg/apicapi/apic_types.go:1072.81,1082.2 7 0
github.com/noironetworks/aci-containers/pkg/apicapi/apic_types.go:1084.51,1090.2 4 0
github.com/noironetworks/aci-containers/pkg/apicapi/apic_types.go:1092.61,1099.2 5 0
github.com/noironetworks/aci-containers/pkg/apicapi/apic_types.go:1101.72,1109.2 6 0
github.com/noironetworks/aci-containers/pkg/apicapi/apic_types.go:1111.71,1114.17 3 1
github.com/noironetworks/aci-containers/pkg/apicapi/apic_types.go:1114.17,1116.3 1 0
github.com/noironetworks/aci-containers/pkg/apicapi/apic_types.go:1117.2,1117.21 1 1
github.com/noironetworks/aci-containers/pkg/apicapi/apic_types.go:1117.21,1119.3 1 0
github.com/noironetworks/aci-containers/pkg/apicapi/apic_types.go:1120.2,1122.12 2 1
github.com/noironetworks/aci-containers/pkg/apicapi/apic_types.go:1125.60,1128.16 3 0
github.com/noironetworks/aci-containers/pkg/apicapi/apic_types.go:1128.16,1130.3 1 0
github.com/noironetworks/aci-containers/pkg/apicapi/apic_types.go:1131.2,1133.12 2 0
github.com/noironetworks/aci-containers/pkg/apicapi/apic_types.go:1136.67,1139.15 3 0
github.com/noironetworks/aci-containers/pkg/apicapi/apic_types.go:1139.15,1141.3 1 0
github.com/noironetworks/aci-containers/pkg/apicapi/apic_types.go:1142.2,1144.12 2 0
github.com/noironetworks/aci-containers/pkg/apicapi/apic_types.go:1148.41,1156.13 8 0
github.com/noironetworks/aci-containers/pkg/apicapi/apic_types.go:1156.13,1158.3 1 0
github.com/noironetworks/aci-containers/pkg/apicapi/apic_types.go:1159.2,1163.12 4 0
github.com/noironetworks/aci-containers/pkg/apicapi/apic_types.go:1166.50,1172.2 4 0
github.com/noironetworks/aci-containers/pkg/apicapi/apic_types.go:1174.76,1181.2 5 0
github.com/noironetworks/aci-containers/pkg/apicapi/apic_types.go:1183.102,1192.2 7 0
github.com/noironetworks/aci-containers/pkg/apicapi/apic_types.go:1194.76,1200.2 4 0
github.com/noironetworks/aci-containers/pkg/apicapi/apic_types.go:1202.60,1208.2 4 1
github.com/noironetworks/aci-containers/pkg/apicapi/apic_types.go:1210.60,1216.2 4 1
github.com/noironetworks/aci-containers/pkg/apicapi/apic_types.go:1219.44,1227.2 5 1
github.com/noironetworks/aci-containers/pkg/apicapi/apic_types.go:1230.44,1238.2 5 1
github.com/noironetworks/aci-containers/pkg/apicapi/apic_types.go:1241.44,1249.2 5 1
github.com/noironetworks/aci-containers/pkg/apicapi/apic_types.go:1252.44,1260.2 5 1
github.com/noironetworks/aci-containers/pkg/apicapi/apic_types.go:1262.67,1268.2 4 1
github.com/noironetworks/aci-containers/pkg/apicapi/apic_types.go:1271.49,1283.2 9 1
github.com/noironetworks/aci-containers/pkg/apicapi/apic_types.go:1285.77,1293.2 5 1
github.com/noironetworks/aci-containers/pkg/apicapi/apic_types.go:1295.75,1303.2 5 1
github.com/noironetworks/aci-containers/pkg/apicapi/apic_types.go:1305.82,1313.2 5 1
github.com/noironetworks/aci-containers/pkg/apicapi/apic_types.go:1315.76,1323.2 5 1
github.com/noironetworks/aci-containers/pkg/apicapi/apic_types.go:1325.85,1333.2 5 1
github.com/noironetworks/aci-containers/pkg/apicapi/apic_types.go:1335.98,1343.2 5 1
github.com/noironetworks/aci-containers/pkg/apicapi/apic_types.go:1345.95,1353.2 5 1
github.com/noironetworks/aci-containers/pkg/apicapi/apic_types.go:1355.43,1360.2 3 1
github.com/noironetworks/aci-containers/pkg/apicapi/apic_types.go:1362.55,1369.2 5 1
github.com/noironetworks/aci-containers/pkg/apicapi/apic_types.go:1371.72,1376.2 3 1
github.com/noironetworks/aci-containers/pkg/apicapi/apic_types.go:1378.66,1384.2 4 1
github.com/noironetworks/aci-containers/pkg/apicapi/apic_types.go:1386.45,1393.2 5 1
github.com/noironetworks/aci-containers/pkg/apicapi/apic_types.go:1394.56,1401.2 5 1
github.com/noironetworks/aci-containers/pkg/apicapi/apic_types.go:1402.59,1408.2 4 1
github.com/noironetworks/aci-containers/pkg/apicapi/apic_types.go:1409.46,1416.2 5 1
github.com/noironetworks/aci-containers/pkg/apicapi/apic_types.go:1417.55,1424.2 5 1
github.com/noironetworks/aci-containers/pkg/apicapi/apic_types.go:1425.53,1430.2 3 1
github.com/noironetworks/aci-containers/pkg/apicapi/apic_types.go:1431.59,1438.2 5 1
github.com/noironetworks/aci-containers/pkg/apicapi/apic_types.go:1439.49,1446.2 5 1
github.com/noironetworks/aci-containers/pkg/apicapi/apic_types.go:1447.49,1454.2 5 1
github.com/noironetworks/aci-containers/pkg/apicapi/apic_types.go:1455.81,1462.2 4 1
github.com/noironetworks/aci-containers/pkg/apicapi/apic_types.go:1463.83,1470.2 4 1
github.com/noironetworks/aci-containers/pkg/apicapi/apic_types.go:1471.83,1478.2 4 1
github.com/noironetworks/aci-containers/pkg/apicapi/apic_types.go:1479.85,1486.2 4 1
github.com/noironetworks/aci-containers/pkg/apicapi/apic_types.go:1488.65,1491.18 3 0
github.com/noironetworks/aci-containers/pkg/apicapi/apic_types.go:1491.18,1493.3 1 0
github.com/noironetworks/aci-containers/pkg/apicapi/apic_types.go:1494.2,1495.12 2 0
github.com/noironetworks/aci-containers/pkg/apicapi/apic_types.go:1498.45,1502.2 3 0
github.com/noironetworks/aci-containers/pkg/apicapi/apic_types.go:1504.58,1509.2 4 0
github.com/noironetworks/aci-containers/pkg/apicapi/apic_types.go:1511.67,1516.2 4 0
github.com/noironetworks/aci-containers/pkg/apicapi/apic_types.go:1518.71,1523.2 4 0
github.com/noironetworks/aci-containers/pkg/apicapi/apic_types.go:1525.78,1531.2 3 1
github.com/noironetworks/aci-containers/pkg/apicapi/apic_types.go:1532.68,1537.2 3 1
github.com/noironetworks/aci-containers/pkg/apicapi/apic_types.go:1538.67,1539.16 1 1
github.com/noironetworks/aci-containers/pkg/apicapi/apic_types.go:1539.16,1541.3 1 0
github.com/noironetworks/aci-containers/pkg/apicapi/apic_types.go:1542.2,1542.17 1 1
github.com/noironetworks/aci-containers/pkg/apicapi/apic_types.go:1542.17,1544.3 1 0
github.com/noironetworks/aci-containers/pkg/apicapi/apic_types.go:1545.2,1550.12 5 1
github.com/noironetworks/aci-containers/pkg/apicapi/apicapi.go:57.36,58.38 1 1
github.com/noironetworks/aci-containers/pkg/apicapi/apicapi.go:58.38,60.17 2 1
github.com/noironetworks/aci-containers/pkg/apicapi/apicapi.go:60.17,62.4 1 0
github.com/noironetworks/aci-containers/pkg/apicapi/apicapi.go:62.9,64.4 1 1
github.com/noironetworks/aci-containers/pkg/apicapi/apicapi.go:66.2,66.19 1 1
github.com/noironetworks/aci-containers/pkg/apicapi/apicapi.go:70.78,71.24 1 1
github.com/noironetworks/aci-containers/pkg/apicapi/apicapi.go:71.24,73.3 1 1
github.com/noironetworks/aci-containers/pkg/apicapi/apicapi.go:75.2,76.16 2 1
github.com/noironetworks/aci-containers/pkg/apicapi/apicapi.go:76.16,79.3 2 0
github.com/noironetworks/aci-containers/pkg/apicapi/apicapi.go:81.2,81.63 1 1
github.com/noironetworks/aci-containers/pkg/apicapi/apicapi.go:84.69,86.17 2 1
github.com/noironetworks/aci-containers/pkg/apicapi/apicapi.go:86.17,88.3 1 1
github.com/noironetworks/aci-containers/pkg/apicapi/apicapi.go:89.2,93.35 1 1
github.com/noironetworks/aci-containers/pkg/apicapi/apicapi.go:96.53,100.24 3 1
github.com/noironetworks/aci-containers/pkg/apicapi/apicapi.go:100.24,103.3 2 1
github.com/noironetworks/aci-containers/pkg/apicapi/apicapi.go:103.8,106.3 2 1
github.com/noironetworks/aci-containers/pkg/apicapi/apicapi.go:107.2,113.24 6 1
github.com/noironetworks/aci-containers/pkg/apicapi/apicapi.go:113.24,123.17 3 1
github.com/noironetworks/aci-containers/pkg/apicapi/apicapi.go:123.17,125.4 1 0
github.com/noironetworks/aci-containers/pkg/apicapi/apicapi.go:126.3,126.33 1 1
github.com/noironetworks/aci-containers/pkg/apicapi/apicapi.go:128.2,129.16 2 1
github.com/noironetworks/aci-containers/pkg/apicapi/apicapi.go:129.16,131.3 1 0
github.com/noironetworks/aci-containers/pkg/apicapi/apicapi.go:132.2,136.16 5 1
github.com/noironetworks/aci-containers/pkg/apicapi/apicapi.go:136.16,138.3 1 1
github.com/noironetworks/aci-containers/pkg/apicapi/apicapi.go:139.2,143.16 4 1
github.com/noironetworks/aci-containers/pkg/apicapi/apicapi.go:143.16,145.3 1 0
github.com/noironetworks/aci-containers/pkg/apicapi/apicapi.go:147.2,147.38 1 1
github.com/noironetworks/aci-containers/pkg/apicapi/apicapi.go:147.38,149.10 2 1
github.com/noironetworks/aci-containers/pkg/apicapi/apicapi.go:149.10,151.11 2 1
github.com/noironetworks/aci-containers/pkg/apicapi/apicapi.go:151.11,152.13 1 0
github.com/noironetworks/aci-containers/pkg/apicapi/apicapi.go:156.3,157.10 2 1
github.com/noironetworks/aci-containers/pkg/apicapi/apicapi.go:157.10,159.4 1 0
github.com/noironetworks/aci-containers/pkg/apicapi/apicapi.go:160.3,161.13 2 1
github.com/noironetworks/aci-containers/pkg/apicapi/apicapi.go:161.13,163.4 1 0
github.com/noironetworks/aci-containers/pkg/apicapi/apicapi.go:164.3,164.21 1 1
github.com/noironetworks/aci-containers/pkg/apicapi/apicapi.go:166.2,166.51 1 0
github.com/noironetworks/aci-containers/pkg/apicapi/apicapi.go:169.53,170.17 1 1
github.com/noironetworks/aci-containers/pkg/apicapi/apicapi.go:170.17,172.3 1 0
github.com/noironetworks/aci-containers/pkg/apicapi/apicapi.go:173.2,174.36 2 1
github.com/noironetworks/aci-containers/pkg/apicapi/apicapi.go:174.36,176.3 1 0
github.com/noironetworks/aci-containers/pkg/apicapi/apicapi.go:177.2,177.40 1 1
github.com/noironetworks/aci-containers/pkg/apicapi/apicapi.go:183.109,185.16 2 1
github.com/noironetworks/aci-containers/pkg/apicapi/apicapi.go:185.16,187.3 1 0
github.com/noironetworks/aci-containers/pkg/apicapi/apicapi.go:189.2,190.20 2 1
github.com/noironetworks/aci-containers/pkg/apicapi/apicapi.go:190.20,192.17 2 1
github.com/noironetworks/aci-containers/pkg/apicapi/apicapi.go:192.17,194.4 1 0
github.com/noironetworks/aci-containers/pkg/apicapi/apicapi.go:197.2,205.16 4 1
github.com/noironetworks/aci-containers/pkg/apicapi/apicapi.go:205.16,207.3 1 0
github.com/noironetworks/aci-containers/pkg/apicapi/apicapi.go:208.2,247.18 3 1
github.com/noironetworks/aci-containers/pkg/apicapi/apicapi.go:250.72,252.47 2 1
github.com/noironetworks/aci-containers/pkg/apicapi/apicapi.go:253.14,254.31 1 0
github.com/noironetworks/aci-containers/pkg/apicapi/apicapi.go:255.21,256.26 1 1
github.com/noironetworks/aci-containers/pkg/apicapi/apicapi.go:256.26,258.4 1 1
github.com/noironetworks/aci-containers/pkg/apicapi/apicapi.go:261.2,263.38 2 1
github.com/noironetworks/aci-containers/pkg/apicapi/apicapi.go:263.38,264.30 1 1
github.com/noironetworks/aci-containers/pkg/apicapi/apicapi.go:264.30,265.52 1 1
github.com/noironetworks/aci-containers/pkg/apicapi/apicapi.go:265.52,266.67 1 1
github.com/noironetworks/aci-containers/pkg/apicapi/apicapi.go:266.67,268.74 2 1
github.com/noironetworks/aci-containers/pkg/apicapi/apicapi.go:268.74,270.29 2 1
github.com/noironetworks/aci-containers/pkg/apicapi/apicapi.go:270.29,272.14 2 0
github.com/noironetworks/aci-containers/pkg/apicapi/apicapi.go:272.14,274.9 1 0
github.com/noironetworks/aci-containers/pkg/apicapi/apicapi.go:275.13,275.40 1 1
github.com/noironetworks/aci-containers/pkg/apicapi/apicapi.go:275.40,277.14 2 0
github.com/noironetworks/aci-containers/pkg/apicapi/apicapi.go:277.14,279.9 1 0
github.com/noironetworks/aci-containers/pkg/apicapi/apicapi.go:281.7,281.61 1 1
github.com/noironetworks/aci-containers/pkg/apicapi/apicapi.go:281.61,283.16 2 0
github.com/noironetworks/aci-containers/pkg/apicapi/apicapi.go:286.6,287.29 2 1
github.com/noironetworks/aci-containers/pkg/apicapi/apicapi.go:287.29,289.7 1 1
github.com/noironetworks/aci-containers/pkg/apicapi/apicapi.go:289.12,291.7 1 1
github.com/noironetworks/aci-containers/pkg/apicapi/apicapi.go:292.6,305.54 4 1
github.com/noironetworks/aci-containers/pkg/apicapi/apicapi.go:305.54,306.34 1 1
github.com/noironetworks/aci-containers/pkg/apicapi/apicapi.go:306.34,307.60 1 0
github.com/noironetworks/aci-containers/pkg/apicapi/apicapi.go:307.60,310.9 2 0
github.com/noironetworks/aci-containers/pkg/apicapi/apicapi.go:311.13,314.8 2 1
github.com/noironetworks/aci-containers/pkg/apicapi/apicapi.go:315.12,315.37 1 1
github.com/noironetworks/aci-containers/pkg/apicapi/apicapi.go:315.37,318.7 2 0
github.com/noironetworks/aci-containers/pkg/apicapi/apicapi.go:318.12,318.62 1 1
github.com/noironetworks/aci-containers/pkg/apicapi/apicapi.go:318.62,319.65 1 0
github.com/noironetworks/aci-containers/pkg/apicapi/apicapi.go:319.65,321.8 1 0
github.com/noironetworks/aci-containers/pkg/apicapi/apicapi.go:322.7,323.31 2 0
github.com/noironetworks/aci-containers/pkg/apicapi/apicapi.go:324.12,324.39 1 1
github.com/noironetworks/aci-containers/pkg/apicapi/apicapi.go:324.39,326.7 1 1
github.com/noironetworks/aci-containers/pkg/apicapi/apicapi.go:327.6,327.30 1 1
github.com/noironetworks/aci-containers/pkg/apicapi/apicapi.go:334.39,336.27 2 1
github.com/noironetworks/aci-containers/pkg/apicapi/apicapi.go:336.27,340.3 3 1
github.com/noironetworks/aci-containers/pkg/apicapi/apicapi.go:341.2,341.26 1 1
github.com/noironetworks/aci-containers/pkg/apicapi/apicapi.go:344.60,350.30 5 1
github.com/noironetworks/aci-containers/pkg/apicapi/apicapi.go:350.30,352.50 2 1
github.com/noironetworks/aci-containers/pkg/apicapi/apicapi.go:352.50,353.53 1 1
github.com/noironetworks/aci-containers/pkg/apicapi/apicapi.go:353.53,354.45 1 1
github.com/noironetworks/aci-containers/pkg/apicapi/apicapi.go:354.45,357.6 1 0
github.com/noironetworks/aci-containers/pkg/apicapi/apicapi.go:357.11,360.6 1 1
github.com/noironetworks/aci-containers/pkg/apicapi/apicapi.go:361.5,361.30 1 1
github.com/noironetworks/aci-containers/pkg/apicapi/apicapi.go:361.30,363.6 1 1
github.com/noironetworks/aci-containers/pkg/apicapi/apicapi.go:364.5,364.30 1 1
github.com/noironetworks/aci-containers/pkg/apicapi/apicapi.go:364.30,366.6 1 1
github.com/noironetworks/aci-containers/pkg/apicapi/apicapi.go:368.5,368.32 1 1
github.com/noironetworks/aci-containers/pkg/apicapi/apicapi.go:368.32,370.6 1 0
github.com/noironetworks/aci-containers/pkg/apicapi/apicapi.go:372.9,374.4 1 0
github.com/noironetworks/aci-containers/pkg/apicapi/apicapi.go:375.3,375.27 1 1
github.com/noironetworks/aci-containers/pkg/apicapi/apicapi.go:378.2,385.22 7 1
github.com/noironetworks/aci-containers/pkg/apicapi/apicapi.go:385.22,386.37 1 1
github.com/noironetworks/aci-containers/pkg/apicapi/apicapi.go:386.37,388.4 1 1
github.com/noironetworks/aci-containers/pkg/apicapi/apicapi.go:391.2,391.18 1 1
github.com/noironetworks/aci-containers/pkg/apicapi/apicapi.go:391.18,393.3 1 1
github.com/noironetworks/aci-containers/pkg/apicapi/apicapi.go:395.2,395.21 1 1
github.com/noironetworks/aci-containers/pkg/apicapi/apicapi.go:395.21,396.23 1 1
github.com/noironetworks/aci-containers/pkg/apicapi/apicapi.go:396.23,397.43 1 1
github.com/noironetworks/aci-containers/pkg/apicapi/apicapi.go:397.43,402.5 2 1
github.com/noironetworks/aci-containers/pkg/apicapi/apicapi.go:402.10,405.5 2 1
github.com/noironetworks/aci-containers/pkg/apicapi/apicapi.go:406.9,408.4 1 1
github.com/noironetworks/aci-containers/pkg/apicapi/apicapi.go:409.8,410.23 1 1
github.com/noironetworks/aci-containers/pkg/apicapi/apicapi.go:410.23,411.43 1 1
github.com/noironetworks/aci-containers/pkg/apicapi/apicapi.go:411.43,412.44 1 1
github.com/noironetworks/aci-containers/pkg/apicapi/apicapi.go:412.44,414.6 1 1
github.com/noironetworks/aci-containers/pkg/apicapi/apicapi.go:417.4,417.63 1 1
github.com/noironetworks/aci-containers/pkg/apicapi/apicapi.go:417.63,420.5 2 1
github.com/noironetworks/aci-containers/pkg/apicapi/apicapi.go:421.9,423.4 1 1
github.com/noironetworks/aci-containers/pkg/apicapi/apicapi.go:426.2,426.16 1 1
github.com/noironetworks/aci-containers/pkg/apicapi/apicapi.go:430.42,431.23 1 1
github.com/noironetworks/aci-containers/pkg/apicapi/apicapi.go:431.23,433.7 2 1
github.com/noironetworks/aci-containers/pkg/apicapi/apicapi.go:433.7,435.12 2 1
github.com/noironetworks/aci-containers/pkg/apicapi/apicapi.go:435.12,436.10 1 1
github.com/noironetworks/aci-containers/pkg/apicapi/apicapi.go:438.4,440.33 3 1
github.com/noironetworks/aci-containers/pkg/apicapi/apicapi.go:440.33,442.5 1 1
github.com/noironetworks/aci-containers/pkg/apicapi/apicapi.go:443.4,443.15 1 1
github.com/noironetworks/aci-containers/pkg/apicapi/apicapi.go:443.15,445.5 1 0
github.com/noironetworks/aci-containers/pkg/apicapi/apicapi.go:445.10,447.53 2 1
github.com/noironetworks/aci-containers/pkg/apicapi/apicapi.go:447.53,449.6 1 1
github.com/noironetworks/aci-containers/pkg/apicapi/apicapi.go:450.5,451.21 2 1
github.com/noironetworks/aci-containers/pkg/apicapi/apicapi.go:453.4,453.18 1 1
github.com/noironetworks/aci-containers/pkg/apicapi/apicapi.go:456.2,457.18 2 1
github.com/noironetworks/aci-containers/pkg/apicapi/apicapi.go:461.64,462.23 1 1
github.com/noironetworks/aci-containers/pkg/apicapi/apicapi.go:462.23,463.7 1 1
github.com/noironetworks/aci-containers/pkg/apicapi/apicapi.go:463.7,465.12 2 1
github.com/noironetworks/aci-containers/pkg/apicapi/apicapi.go:465.12,466.10 1 1
github.com/noironetworks/aci-containers/pkg/apicapi/apicapi.go:468.4,469.29 2 0
github.com/noironetworks/aci-containers/pkg/apicapi/apicapi.go:470.23,471.15 1 0
github.com/noironetworks/aci-containers/pkg/apicapi/apicapi.go:472.16,473.23 1 0
github.com/noironetworks/aci-containers/pkg/apicapi/apicapi.go:473.23,474.51 1 0
github.com/noironetworks/aci-containers/pkg/apicapi/apicapi.go:474.51,476.7 1 0
github.com/noironetworks/aci-containers/pkg/apicapi/apicapi.go:479.4,479.15 1 0
github.com/noironetworks/aci-containers/pkg/apicapi/apicapi.go:479.15,481.5 1 0
github.com/noironetworks/aci-containers/pkg/apicapi/apicapi.go:481.10,483.5 1 0
github.com/noironetworks/aci-containers/pkg/apicapi/apicapi.go:484.4,484.19 1 0
github.com/noironetworks/aci-containers/pkg/apicapi/apicapi.go:488.2,489.18 2 1
github.com/noironetworks/aci-containers/pkg/apicapi/apicapi.go:495.26,499.2 1 0
github.com/noironetworks/aci-containers/pkg/apicapi/apicapi.go:502.87,514.23 3 0
github.com/noironetworks/aci-containers/pkg/apicapi/apicapi.go:514.23,516.3 1 0
github.com/noironetworks/aci-containers/pkg/apicapi/apicapi.go:517.2,517.23 1 0
github.com/noironetworks/aci-containers/pkg/apicapi/apicapi.go:517.23,519.3 1 0
github.com/noironetworks/aci-containers/pkg/apicapi/apicapi.go:520.2,520.28 1 0
github.com/noironetworks/aci-containers/pkg/apicapi/apicapi.go:520.28,522.3 1 0
github.com/noironetworks/aci-containers/pkg/apicapi/apicapi.go:522.8,524.3 1 0
github.com/noironetworks/aci-containers/pkg/apicapi/apicapi.go:527.61,536.12 8 1
github.com/noironetworks/aci-containers/pkg/apicapi/apicapi.go:536.12,540.7 3 1
github.com/noironetworks/aci-containers/pkg/apicapi/apicapi.go:540.7,544.33 4 1
github.com/noironetworks/aci-containers/pkg/apicapi/apicapi.go:544.33,547.10 3 1
github.com/noironetworks/aci-containers/pkg/apicapi/apicapi.go:548.10,548.25 1 1
github.com/noironetworks/aci-containers/pkg/apicapi/apicapi.go:548.25,551.10 3 0
github.com/noironetworks/aci-containers/pkg/apicapi/apicapi.go:552.10,554.5 1 1
github.com/noironetworks/aci-containers/pkg/apicapi/apicapi.go:558.2,606.26 15 1
github.com/noironetworks/aci-containers/pkg/apicapi/apicapi.go:606.26,608.3 1 0
github.com/noironetworks/aci-containers/pkg/apicapi/apicapi.go:611.2,616.59 5 1
github.com/noironetworks/aci-containers/pkg/apicapi/apicapi.go:616.59,617.52 1 1
github.com/noironetworks/aci-containers/pkg/apicapi/apicapi.go:617.52,620.9 3 0
github.com/noironetworks/aci-containers/pkg/apicapi/apicapi.go:623.2,623.13 1 1
github.com/noironetworks/aci-containers/pkg/apicapi/apicapi.go:623.13,625.13 2 1
github.com/noironetworks/aci-containers/pkg/apicapi/apicapi.go:625.13,626.32 1 1
github.com/noironetworks/aci-containers/pkg/apicapi/apicapi.go:626.32,628.5 1 0
github.com/noironetworks/aci-containers/pkg/apicapi/apicapi.go:629.4,629.26 1 1
github.com/noironetworks/aci-containers/pkg/apicapi/apicapi.go:634.2,634.45 1 1
github.com/noironetworks/aci-containers/pkg/apicapi/apicapi.go:634.45,635.13 1 0
github.com/noironetworks/aci-containers/pkg/apicapi/apicapi.go:635.13,637.18 2 0
github.com/noironetworks/aci-containers/pkg/apicapi/apicapi.go:637.18,640.5 2 0
github.com/noironetworks/aci-containers/pkg/apicapi/apicapi.go:640.10,642.31 2 0
github.com/noironetworks/aci-containers/pkg/apicapi/apicapi.go:642.31,644.34 2 0
github.com/noironetworks/aci-containers/pkg/apicapi/apicapi.go:644.34,646.7 1 0
github.com/noironetworks/aci-containers/pkg/apicapi/apicapi.go:646.12,648.7 1 0
github.com/noironetworks/aci-containers/pkg/apicapi/apicapi.go:649.6,649.30 1 0
github.com/noironetworks/aci-containers/pkg/apicapi/apicapi.go:651.5,651.33 1 0
github.com/noironetworks/aci-containers/pkg/apicapi/apicapi.go:656.2,656.31 1 1
github.com/noironetworks/aci-containers/pkg/apicapi/apicapi.go:656.31,674.17 15 1
github.com/noironetworks/aci-containers/pkg/apicapi/apicapi.go:674.17,676.4 1 0
github.com/noironetworks/aci-containers/pkg/apicapi/apicapi.go:676.9,677.11 1 1
github.com/noironetworks/aci-containers/pkg/apicapi/apicapi.go:678.16,678.16 0 1
github.com/noironetworks/aci-containers/pkg/apicapi/apicapi.go:679.35,679.35 0 0
github.com/noironetworks/aci-containers/pkg/apicapi/apicapi.go:682.3,682.26 1 1
github.com/noironetworks/aci-containers/pkg/apicapi/apicapi.go:685.1,686.6 1 1
github.com/noironetworks/aci-containers/pkg/apicapi/apicapi.go:686.6,687.10 1 1
github.com/noironetworks/aci-containers/pkg/apicapi/apicapi.go:688.19,689.19 1 1
github.com/noironetworks/aci-containers/pkg/apicapi/apicapi.go:690.26,691.18 1 1
github.com/noironetworks/aci-containers/pkg/apicapi/apicapi.go:692.18,694.14 2 1
github.com/noironetworks/aci-containers/pkg/apicapi/apicapi.go:695.17,697.14 2 1
github.com/noironetworks/aci-containers/pkg/apicapi/apicapi.go:701.2,701.45 1 1
github.com/noironetworks/aci-containers/pkg/apicapi/apicapi.go:706.58,709.25 2 1
github.com/noironetworks/aci-containers/pkg/apicapi/apicapi.go:709.25,711.3 1 0
github.com/noironetworks/aci-containers/pkg/apicapi/apicapi.go:713.2,715.62 2 1
github.com/noironetworks/aci-containers/pkg/apicapi/apicapi.go:715.62,720.3 4 1
github.com/noironetworks/aci-containers/pkg/apicapi/apicapi.go:722.2,726.25 4 0
github.com/noironetworks/aci-containers/pkg/apicapi/apicapi.go:726.25,727.42 1 0
github.com/noironetworks/aci-containers/pkg/apicapi/apicapi.go:727.42,731.4 2 0
github.com/noironetworks/aci-containers/pkg/apicapi/apicapi.go:731.9,733.4 1 0
github.com/noironetworks/aci-containers/pkg/apicapi/apicapi.go:735.3,736.17 2 0
github.com/noironetworks/aci-containers/pkg/apicapi/apicapi.go:736.17,738.12 2 0
github.com/noironetworks/aci-containers/pkg/apicapi/apicapi.go:740.3,743.17 3 0
github.com/noironetworks/aci-containers/pkg/apicapi/apicapi.go:743.17,745.12 2 0
github.com/noironetworks/aci-containers/pkg/apicapi/apicapi.go:747.3,749.17 3 0
github.com/noironetworks/aci-containers/pkg/apicapi/apicapi.go:749.17,750.12 1 0
github.com/noironetworks/aci-containers/pkg/apicapi/apicapi.go:752.3,756.17 4 0
github.com/noironetworks/aci-containers/pkg/apicapi/apicapi.go:756.17,758.12 2 0
github.com/noironetworks/aci-containers/pkg/apicapi/apicapi.go:760.3,760.39 1 0
github.com/noironetworks/aci-containers/pkg/apicapi/apicapi.go:760.39,763.11 3 0
github.com/noironetworks/aci-containers/pkg/apicapi/apicapi.go:763.11,770.5 2 0
github.com/noironetworks/aci-containers/pkg/apicapi/apicapi.go:770.10,771.38 1 0
github.com/noironetworks/aci-containers/pkg/apicapi/apicapi.go:772.13,772.13 0 0
github.com/noironetworks/aci-containers/pkg/apicapi/apicapi.go:773.17,777.20 4 0
github.com/noironetworks/aci-containers/pkg/apicapi/apicapi.go:777.20,779.7 1 0
github.com/noironetworks/aci-containers/pkg/apicapi/apicapi.go:784.2,784.26 1 0
github.com/noironetworks/aci-containers/pkg/apicapi/apicapi.go:787.57,788.25 1 1
github.com/noironetworks/aci-containers/pkg/apicapi/apicapi.go:788.25,791.3 2 0
github.com/noironetworks/aci-containers/pkg/apicapi/apicapi.go:793.2,793.31 1 1
github.com/noironetworks/aci-containers/pkg/apicapi/apicapi.go:793.31,795.3 1 0
github.com/noironetworks/aci-containers/pkg/apicapi/apicapi.go:797.2,797.20 1 1
github.com/noironetworks/aci-containers/pkg/apicapi/apicapi.go:797.20,798.10 1 1
github.com/noironetworks/aci-containers/pkg/apicapi/apicapi.go:798.10,799.17 1 1
github.com/noironetworks/aci-containers/pkg/apicapi/apicapi.go:799.17,802.5 2 1
github.com/noironetworks/aci-containers/pkg/apicapi/apicapi.go:804.4,809.44 2 1
github.com/noironetworks/aci-containers/pkg/apicapi/apicapi.go:809.44,811.5 1 1
github.com/noironetworks/aci-containers/pkg/apicapi/apicapi.go:812.4,815.18 3 1
github.com/noironetworks/aci-containers/pkg/apicapi/apicapi.go:815.18,818.5 2 1
github.com/noironetworks/aci-containers/pkg/apicapi/apicapi.go:819.4,825.26 5 1
github.com/noironetworks/aci-containers/pkg/apicapi/apicapi.go:825.26,827.19 2 1
github.com/noironetworks/aci-containers/pkg/apicapi/apicapi.go:827.19,830.6 2 0
github.com/noironetworks/aci-containers/pkg/apicapi/apicapi.go:831.5,831.57 1 1
github.com/noironetworks/aci-containers/pkg/apicapi/apicapi.go:834.4,835.18 2 1
github.com/noironetworks/aci-containers/pkg/apicapi/apicapi.go:835.18,838.5 2 0
github.com/noironetworks/aci-containers/pkg/apicapi/apicapi.go:839.4,840.24 2 1
github.com/noironetworks/aci-containers/pkg/apicapi/apicapi.go:845.39,846.24 1 1
github.com/noironetworks/aci-containers/pkg/apicapi/apicapi.go:846.24,850.17 3 1
github.com/noironetworks/aci-containers/pkg/apicapi/apicapi.go:850.17,853.4 2 0
github.com/noironetworks/aci-containers/pkg/apicapi/apicapi.go:854.3,855.17 2 1
github.com/noironetworks/aci-containers/pkg/apicapi/apicapi.go:855.17,857.4 1 1
github.com/noironetworks/aci-containers/pkg/apicapi/apicapi.go:858.3,859.42 2 1
github.com/noironetworks/aci-containers/pkg/apicapi/apicapi.go:862.2,862.46 1 1
github.com/noironetworks/aci-containers/pkg/apicapi/apicapi.go:862.46,863.32 1 1
github.com/noironetworks/aci-containers/pkg/apicapi/apicapi.go:863.32,867.18 4 1
github.com/noironetworks/aci-containers/pkg/apicapi/apicapi.go:867.18,870.5 2 0
github.com/noironetworks/aci-containers/pkg/apicapi/apicapi.go:871.4,873.18 3 1
github.com/noironetworks/aci-containers/pkg/apicapi/apicapi.go:873.18,875.5 1 1
github.com/noironetworks/aci-containers/pkg/apicapi/apicapi.go:876.4,878.38 3 0
github.com/noironetworks/aci-containers/pkg/apicapi/apicapi.go:880.3,880.29 1 1
github.com/noironetworks/aci-containers/pkg/apicapi/apicapi.go:880.29,881.34 1 0
github.com/noironetworks/aci-containers/pkg/apicapi/apicapi.go:881.34,883.5 1 0
github.com/noironetworks/aci-containers/pkg/apicapi/apicapi.go:884.9,886.4 1 1
github.com/noironetworks/aci-containers/pkg/apicapi/apicapi.go:890.131,892.6 2 1
github.com/noironetworks/aci-containers/pkg/apicapi/apicapi.go:892.6,893.16 1 1
github.com/noironetworks/aci-containers/pkg/apicapi/apicapi.go:893.16,895.4 1 0
github.com/noironetworks/aci-containers/pkg/apicapi/apicapi.go:897.3,898.17 2 1
github.com/noironetworks/aci-containers/pkg/apicapi/apicapi.go:898.17,900.15 2 0
github.com/noironetworks/aci-containers/pkg/apicapi/apicapi.go:900.15,902.5 1 0
github.com/noironetworks/aci-containers/pkg/apicapi/apicapi.go:903.4,903.19 1 0
github.com/noironetworks/aci-containers/pkg/apicapi/apicapi.go:908.3,908.49 1 1
github.com/noironetworks/aci-containers/pkg/apicapi/apicapi.go:908.49,909.36 1 1
github.com/noironetworks/aci-containers/pkg/apicapi/apicapi.go:909.36,911.5 1 0
github.com/noironetworks/aci-containers/pkg/apicapi/apicapi.go:915.3,915.56 1 1
github.com/noironetworks/aci-containers/pkg/apicapi/apicapi.go:915.56,918.31 3 0
github.com/noironetworks/aci-containers/pkg/apicapi/apicapi.go:918.31,921.16 3 0
github.com/noironetworks/aci-containers/pkg/apicapi/apicapi.go:921.16,923.6 1 0
github.com/noironetworks/aci-containers/pkg/apicapi/apicapi.go:924.5,924.60 1 0
github.com/noironetworks/aci-containers/pkg/apicapi/apicapi.go:926.4,928.12 3 0
github.com/noironetworks/aci-containers/pkg/apicapi/apicapi.go:932.3,932.54 1 1
github.com/noironetworks/aci-containers/pkg/apicapi/apicapi.go:932.54,935.15 3 1
github.com/noironetworks/aci-containers/pkg/apicapi/apicapi.go:935.15,937.5 1 1
github.com/noironetworks/aci-containers/pkg/apicapi/apicapi.go:938.4,938.59 1 1
github.com/noironetworks/aci-containers/pkg/apicapi/apicapi.go:942.3,942.19 1 1
github.com/noironetworks/aci-containers/pkg/apicapi/apicapi.go:946.79,949.16 3 1
github.com/noironetworks/aci-containers/pkg/apicapi/apicapi.go:949.16,951.3 1 0
github.com/noironetworks/aci-containers/pkg/apicapi/apicapi.go:951.8,954.37 3 1
github.com/noironetworks/aci-containers/pkg/apicapi/apicapi.go:954.37,955.32 1 1
github.com/noironetworks/aci-containers/pkg/apicapi/apicapi.go:955.32,956.29 1 1
github.com/noironetworks/aci-containers/pkg/apicapi/apicapi.go:956.29,957.59 1 1
github.com/noironetworks/aci-containers/pkg/apicapi/apicapi.go:957.59,959.7 1 1
github.com/noironetworks/aci-containers/pkg/apicapi/apicapi.go:960.6,960.56 1 1
github.com/noironetworks/aci-containers/pkg/apicapi/apicapi.go:960.56,962.7 1 0
github.com/noironetworks/aci-containers/pkg/apicapi/apicapi.go:966.3,972.20 1 1
github.com/noironetworks/aci-containers/pkg/apicapi/apicapi.go:978.109,988.16 6 0
github.com/noironetworks/aci-containers/pkg/apicapi/apicapi.go:988.16,991.3 2 0
github.com/noironetworks/aci-containers/pkg/apicapi/apicapi.go:992.2,994.16 3 0
github.com/noironetworks/aci-containers/pkg/apicapi/apicapi.go:994.16,996.3 1 0
github.com/noironetworks/aci-containers/pkg/apicapi/apicapi.go:997.2,1001.16 4 0
github.com/noironetworks/aci-containers/pkg/apicapi/apicapi.go:1001.16,1004.3 2 0
github.com/noironetworks/aci-containers/pkg/apicapi/apicapi.go:1006.2,1006.38 1 0
github.com/noironetworks/aci-containers/pkg/apicapi/apicapi.go:1006.38,1007.28 1 0
github.com/noironetworks/aci-containers/pkg/apicapi/apicapi.go:1007.28,1009.11 2 0
github.com/noironetworks/aci-containers/pkg/apicapi/apicapi.go:1009.11,1010.13 1 0
github.com/noironetworks/aci-containers/pkg/apicapi/apicapi.go:1012.4,1012.54 1 0
github.com/noironetworks/aci-containers/pkg/apicapi/apicapi.go:1015.2,1017.50 3 0
github.com/noironetworks/aci-containers/pkg/apicapi/apicapi.go:1017.50,1019.74 2 0
github.com/noironetworks/aci-containers/pkg/apicapi/apicapi.go:1019.74,1022.4 2 0
github.com/noironetworks/aci-containers/pkg/apicapi/apicapi.go:1024.2,1024.12 1 0
github.com/noironetworks/aci-containers/pkg/apicapi/apicapi.go:1028.38,1033.26 2 1
github.com/noironetworks/aci-containers/pkg/apicapi/apicapi.go:1033.26,1035.3 1 1
github.com/noironetworks/aci-containers/pkg/apicapi/apicapi.go:1037.2,1041.16 5 1
github.com/noironetworks/aci-containers/pkg/apicapi/apicapi.go:1041.16,1044.3 2 0
github.com/noironetworks/aci-containers/pkg/apicapi/apicapi.go:1045.2,1047.16 3 1
github.com/noironetworks/aci-containers/pkg/apicapi/apicapi.go:1047.16,1049.3 1 0
github.com/noironetworks/aci-containers/pkg/apicapi/apicapi.go:1050.2,1054.16 4 1
github.com/noironetworks/aci-containers/pkg/apicapi/apicapi.go:1054.16,1057.3 2 0
github.com/noironetworks/aci-containers/pkg/apicapi/apicapi.go:1058.2,1058.31 1 1
github.com/noironetworks/aci-containers/pkg/apicapi/apicapi.go:1058.31,1060.3 1 0
github.com/noironetworks/aci-containers/pkg/apicapi/apicapi.go:1062.2,1062.38 1 1
github.com/noironetworks/aci-containers/pkg/apicapi/apicapi.go:1062.38,1072.42 5 1
github.com/noironetworks/aci-containers/pkg/apicapi/apicapi.go:1072.42,1073.20 1 0
github.com/noironetworks/aci-containers/pkg/apicapi/apicapi.go:1073.20,1075.10 2 0
github.com/noironetworks/aci-containers/pkg/apicapi/apicapi.go:1078.3,1078.14 1 1
github.com/noironetworks/aci-containers/pkg/apicapi/apicapi.go:1078.14,1079.12 1 0
github.com/noironetworks/aci-containers/pkg/apicapi/apicapi.go:1081.3,1081.32 1 1
github.com/noironetworks/aci-containers/pkg/apicapi/apicapi.go:1085.56,1087.31 2 0
github.com/noironetworks/aci-containers/pkg/apicapi/apicapi.go:1087.31,1089.3 1 0
github.com/noironetworks/aci-containers/pkg/apicapi/apicapi.go:1090.2,1090.26 1 0
github.com/noironetworks/aci-containers/pkg/apicapi/apicapi.go:1093.48,1095.28 2 1
github.com/noironetworks/aci-containers/pkg/apicapi/apicapi.go:1095.28,1097.3 1 1
github.com/noironetworks/aci-containers/pkg/apicapi/apicapi.go:1098.2,1098.26 1 1
github.com/noironetworks/aci-containers/pkg/apicapi/apicapi.go:1101.44,1103.2 1 0
github.com/noironetworks/aci-containers/pkg/apicapi/apicapi.go:1174.68,1184.16 5 1
github.com/noironetworks/aci-containers/pkg/apicapi/apicapi.go:1184.16,1186.3 1 0
github.com/noironetworks/aci-containers/pkg/apicapi/apicapi.go:1187.2,1188.16 2 1
github.com/noironetworks/aci-containers/pkg/apicapi/apicapi.go:1188.16,1192.3 3 0
github.com/noironetworks/aci-containers/pkg/apicapi/apicapi.go:1193.2,1196.16 4 1
github.com/noironetworks/aci-containers/pkg/apicapi/apicapi.go:1196.16,1198.3 1 0
github.com/noironetworks/aci-containers/pkg/apicapi/apicapi.go:1199.2,1200.28 2 1
github.com/noironetworks/aci-containers/pkg/apicapi/apicapi.go:1200.28,1202.3 1 0
github.com/noironetworks/aci-containers/pkg/apicapi/apicapi.go:1203.2,1203.14 1 1
github.com/noironetworks/aci-containers/pkg/apicapi/apicapi.go:1206.52,1207.14 1 1
github.com/noironetworks/aci-containers/pkg/apicapi/apicapi.go:1207.14,1210.3 2 0
github.com/noironetworks/aci-containers/pkg/apicapi/apicapi.go:1211.2,1214.22 4 1
github.com/noironetworks/aci-containers/pkg/apicapi/apicapi.go:1214.22,1215.24 1 1
github.com/noironetworks/aci-containers/pkg/apicapi/apicapi.go:1215.24,1220.4 4 0
github.com/noironetworks/aci-containers/pkg/apicapi/apicapi.go:1220.9,1220.33 1 1
github.com/noironetworks/aci-containers/pkg/apicapi/apicapi.go:1220.33,1223.4 2 0
github.com/noironetworks/aci-containers/pkg/apicapi/apicapi.go:1225.2,1225.26 1 1
github.com/noironetworks/aci-containers/pkg/apicapi/apicapi.go:1228.54,1229.14 1 1
github.com/noironetworks/aci-containers/pkg/apicapi/apicapi.go:1229.14,1232.3 2 0
github.com/noironetworks/aci-containers/pkg/apicapi/apicapi.go:1233.2,1240.16 5 1
github.com/noironetworks/aci-containers/pkg/apicapi/apicapi.go:1240.16,1244.3 3 0
github.com/noironetworks/aci-containers/pkg/apicapi/apicapi.go:1245.2,1247.16 3 1
github.com/noironetworks/aci-containers/pkg/apicapi/apicapi.go:1247.16,1249.3 1 0
github.com/noironetworks/aci-containers/pkg/apicapi/apicapi.go:1250.2,1251.14 2 1
github.com/noironetworks/aci-containers/pkg/apicapi/apicapi.go:1255.27,1256.38 1 1
github.com/noironetworks/aci-containers/pkg/apicapi/apicapi.go:1256.38,1257.21 1 1
github.com/noironetworks/aci-containers/pkg/apicapi/apicapi.go:1257.21,1258.12 1 0
github.com/noironetworks/aci-containers/pkg/apicapi/apicapi.go:1260.3,1261.36 2 1
github.com/noironetworks/aci-containers/pkg/apicapi/apicapi.go:1261.36,1263.4 1 1
github.com/noironetworks/aci-containers/pkg/apicapi/apicapi.go:1267.58,1272.29 4 1
github.com/noironetworks/aci-containers/pkg/apicapi/apicapi.go:1272.29,1274.3 1 1
github.com/noironetworks/aci-containers/pkg/apicapi/apicapi.go:1275.2,1276.20 2 1
github.com/noironetworks/aci-containers/pkg/apicapi/apicapi.go:1282.47,1283.37 1 1
github.com/noironetworks/aci-containers/pkg/apicapi/apicapi.go:1283.37,1285.16 2 0
github.com/noironetworks/aci-containers/pkg/apicapi/apicapi.go:1288.2,1295.26 3 1
github.com/noironetworks/aci-containers/pkg/apicapi/apicapi.go:1299.47,1309.2 3 1
github.com/noironetworks/aci-containers/pkg/apicapi/apicapi.go:1312.26,1326.2 4 1
github.com/noironetworks/aci-containers/pkg/apicapi/apicapi.go:1329.58,1331.49 2 1
github.com/noironetworks/aci-containers/pkg/apicapi/apicapi.go:1331.49,1334.3 2 1
github.com/noironetworks/aci-containers/pkg/apicapi/apicapi.go:1335.2,1335.26 1 1
github.com/noironetworks/aci-containers/pkg/apicapi/apicapi.go:1338.79,1344.16 6 1
github.com/noironetworks/aci-containers/pkg/apicapi/apicapi.go:1344.16,1347.3 2 0
github.com/noironetworks/aci-containers/pkg/apicapi/apicapi.go:1348.2,1350.16 3 1
github.com/noironetworks/aci-containers/pkg/apicapi/apicapi.go:1350.16,1352.3 1 0
github.com/noironetworks/aci-containers/pkg/apicapi/apicapi.go:1353.2,1355.16 3 1
github.com/noironetworks/aci-containers/pkg/apicapi/apicapi.go:1355.16,1358.3 2 0
github.com/noironetworks/aci-containers/pkg/apicapi/apicapi.go:1359.2,1359.22 1 1
github.com/noironetworks/aci-containers/pkg/apicapi/apicapi.go:1363.69,1371.16 5 1
github.com/noironetworks/aci-containers/pkg/apicapi/apicapi.go:1371.16,1374.3 2 0
github.com/noironetworks/aci-containers/pkg/apicapi/apicapi.go:1375.2,1377.16 3 1
github.com/noironetworks/aci-containers/pkg/apicapi/apicapi.go:1377.16,1379.3 1 0
github.com/noironetworks/aci-containers/pkg/apicapi/apicapi.go:1380.2,1383.16 3 1
github.com/noironetworks/aci-containers/pkg/apicapi/apicapi.go:1383.16,1386.3 2 0
github.com/noironetworks/aci-containers/pkg/apicapi/apicapi.go:1387.2,1388.13 2 1
github.com/noironetworks/aci-containers/pkg/apicapi/apicapi.go:1391.96,1392.43 1 0
github.com/noironetworks/aci-containers/pkg/apicapi/apicapi.go:1392.43,1394.3 1 0
github.com/noironetworks/aci-containers/pkg/apicapi/apicapi.go:1396.2,1396.16 1 0
github.com/noironetworks/aci-containers/pkg/apicapi/apicapi.go:1397.17,1398.54 1 0
github.com/noironetworks/aci-containers/pkg/apicapi/apicapi.go:1399.17,1400.53 1 0
github.com/noironetworks/aci-containers/pkg/apicapi/apicapi.go:1401.10,1402.15 1 0
github.com/noironetworks/aci-containers/pkg/apicapi/apicapi.go:1406.95,1409.15 3 0
github.com/noironetworks/aci-containers/pkg/apicapi/apicapi.go:1409.15,1412.3 2 0
github.com/noironetworks/aci-containers/pkg/apicapi/apicapi.go:1414.2,1414.12 1 0
github.com/noironetworks/aci-containers/pkg/apicapi/apicapi.go:1414.12,1415.44 1 0
github.com/noironetworks/aci-containers/pkg/apicapi/apicapi.go:1415.44,1419.4 3 0
github.com/noironetworks/aci-containers/pkg/apicapi/apicapi.go:1420.8,1421.107 1 0
github.com/noironetworks/aci-containers/pkg/apicapi/apicapi.go:1421.107,1425.3 3 0
github.com/noironetworks/aci-containers/pkg/apicapi/apicapi.go:1426.2,1426.16 1 0
github.com/noironetworks/aci-containers/pkg/apicapi/apicapi.go:1429.92,1445.28 11 1
github.com/noironetworks/aci-containers/pkg/apicapi/apicapi.go:1445.28,1446.80 1 1
github.com/noironetworks/aci-containers/pkg/apicapi/apicapi.go:1446.80,1447.27 1 1
github.com/noironetworks/aci-containers/pkg/apicapi/apicapi.go:1447.27,1448.50 1 1
github.com/noironetworks/aci-containers/pkg/apicapi/apicapi.go:1448.50,1449.39 1 1
github.com/noironetworks/aci-containers/pkg/apicapi/apicapi.go:1449.39,1450.15 1 1
github.com/noironetworks/aci-containers/pkg/apicapi/apicapi.go:1452.6,1452.76 1 1
github.com/noironetworks/aci-containers/pkg/apicapi/apicapi.go:1452.76,1454.15 2 1
github.com/noironetworks/aci-containers/pkg/apicapi/apicapi.go:1456.6,1456.53 1 1
github.com/noironetworks/aci-containers/pkg/apicapi/apicapi.go:1460.3,1465.35 2 1
github.com/noironetworks/aci-containers/pkg/apicapi/apicapi.go:1465.35,1478.39 9 1
github.com/noironetworks/aci-containers/pkg/apicapi/apicapi.go:1478.39,1480.64 1 1
github.com/noironetworks/aci-containers/pkg/apicapi/apicapi.go:1480.64,1481.14 1 1
github.com/noironetworks/aci-containers/pkg/apicapi/apicapi.go:1483.5,1489.15 7 1
github.com/noironetworks/aci-containers/pkg/apicapi/apicapi.go:1491.9,1493.4 1 1
github.com/noironetworks/aci-containers/pkg/apicapi/apicapi.go:1495.2,1495.28 1 1
github.com/noironetworks/aci-containers/pkg/apicapi/apicapi.go:1495.28,1497.36 2 1
github.com/noironetworks/aci-containers/pkg/apicapi/apicapi.go:1497.36,1499.4 1 1
github.com/noironetworks/aci-containers/pkg/apicapi/apicapi.go:1499.9,1500.34 1 0
github.com/noironetworks/aci-containers/pkg/apicapi/apicapi.go:1500.34,1502.5 1 0
github.com/noironetworks/aci-containers/pkg/apicapi/apicapi.go:1506.2,1507.57 2 1
github.com/noironetworks/aci-containers/pkg/apicapi/apicapi.go:1507.57,1509.3 1 1
github.com/noironetworks/aci-containers/pkg/apicapi/apicapi.go:1511.2,1512.31 2 1
github.com/noironetworks/aci-containers/pkg/apicapi/apicapi.go:1512.31,1515.3 1 1
github.com/noironetworks/aci-containers/pkg/apicapi/apicapi.go:1516.2,1516.32 1 1
github.com/noironetworks/aci-containers/pkg/apicapi/apicapi.go:1516.32,1518.77 2 1
github.com/noironetworks/aci-containers/pkg/apicapi/apicapi.go:1518.77,1520.4 1 0
github.com/noironetworks/aci-containers/pkg/apicapi/apicapi.go:1521.3,1522.10 2 1
github.com/noironetworks/aci-containers/pkg/apicapi/apicapi.go:1522.10,1525.4 2 0
github.com/noironetworks/aci-containers/pkg/apicapi/apicapi.go:1527.3,1534.16 2 1
github.com/noironetworks/aci-containers/pkg/apicapi/apicapi.go:1534.16,1536.4 1 1
github.com/noironetworks/aci-containers/pkg/apicapi/apicapi.go:1537.3,1537.29 1 1
github.com/noironetworks/aci-containers/pkg/apicapi/apicapi.go:1537.29,1542.4 1 1
github.com/noironetworks/aci-containers/pkg/apicapi/apicapi.go:1542.9,1544.4 1 1
github.com/noironetworks/aci-containers/pkg/apicapi/apicapi.go:1545.3,1546.16 2 1
github.com/noironetworks/aci-containers/pkg/apicapi/apicapi.go:1546.16,1548.4 1 1
github.com/noironetworks/aci-containers/pkg/apicapi/apicapi.go:1549.3,1550.39 2 1
github.com/noironetworks/aci-containers/pkg/apicapi/apicapi.go:1550.39,1552.16 2 1
github.com/noironetworks/aci-containers/pkg/apicapi/apicapi.go:1552.16,1553.13 1 0
github.com/noironetworks/aci-containers/pkg/apicapi/apicapi.go:1555.4,1555.17 1 1
github.com/noironetworks/aci-containers/pkg/apicapi/apicapi.go:1555.17,1557.5 1 1
github.com/noironetworks/aci-containers/pkg/apicapi/apicapi.go:1558.4,1559.14 2 1
github.com/noironetworks/aci-containers/pkg/apicapi/apicapi.go:1559.14,1562.5 2 1
github.com/noironetworks/aci-containers/pkg/apicapi/apicapi.go:1563.4,1564.17 2 1
github.com/noironetworks/aci-containers/pkg/apicapi/apicapi.go:1564.17,1566.5 1 1
github.com/noironetworks/aci-containers/pkg/apicapi/apicapi.go:1567.4,1567.56 1 1
github.com/noironetworks/aci-containers/pkg/apicapi/apicapi.go:1567.56,1569.5 1 0
github.com/noironetworks/aci-containers/pkg/apicapi/apicapi.go:1570.4,1570.52 1 1
github.com/noironetworks/aci-containers/pkg/apicapi/apicapi.go:1570.52,1571.13 1 1
github.com/noironetworks/aci-containers/pkg/apicapi/apicapi.go:1574.4,1575.28 2 1
github.com/noironetworks/aci-containers/pkg/apicapi/apicapi.go:1575.28,1576.13 1 0
github.com/noironetworks/aci-containers/pkg/apicapi/apicapi.go:1579.4,1588.17 5 1
github.com/noironetworks/aci-containers/pkg/apicapi/apicapi.go:1588.17,1590.5 1 1
github.com/noironetworks/aci-containers/pkg/apicapi/apicapi.go:1591.4,1592.17 2 1
github.com/noironetworks/aci-containers/pkg/apicapi/apicapi.go:1592.17,1594.5 1 1
github.com/noironetworks/aci-containers/pkg/apicapi/apicapi.go:1596.3,1596.60 1 1
github.com/noironetworks/aci-containers/pkg/apicapi/apicapi.go:1596.60,1602.4 1 0
github.com/noironetworks/aci-containers/pkg/apicapi/apicapi.go:1602.9,1606.4 1 1
github.com/noironetworks/aci-containers/pkg/apicapi/apicapi.go:1609.2,1609.13 1 1
github.com/noironetworks/aci-containers/pkg/apicapi/apicapi.go:1614.56,1617.2 1 1
github.com/noironetworks/aci-containers/pkg/apicapi/apicapi.go:1619.45,1624.2 4 1
github.com/noironetworks/aci-containers/pkg/apicapi/apicapi.go:1626.82,1631.22 4 0
github.com/noironetworks/aci-containers/pkg/apicapi/apicapi.go:1631.22,1633.17 2 0
github.com/noironetworks/aci-containers/pkg/apicapi/apicapi.go:1633.17,1636.4 2 0
github.com/noironetworks/aci-containers/pkg/apicapi/apicapi.go:1637.3,1637.21 1 0
github.com/noironetworks/aci-containers/pkg/apicapi/apicapi.go:1640.2,1641.16 2 0
github.com/noironetworks/aci-containers/pkg/apicapi/apicapi.go:1641.16,1644.3 2 0
github.com/noironetworks/aci-containers/pkg/apicapi/apicapi.go:1646.2,1647.16 2 0
github.com/noironetworks/aci-containers/pkg/apicapi/apicapi.go:1647.16,1650.3 2 0
github.com/noironetworks/aci-containers/pkg/apicapi/apicapi.go:1652.2,1656.16 5 0
github.com/noironetworks/aci-containers/pkg/apicapi/apicapi.go:1656.16,1658.3 1 0
github.com/noironetworks/aci-containers/pkg/apicapi/apicapi.go:1659.2,1661.38 2 0
github.com/noironetworks/aci-containers/pkg/apicapi/apicapi.go:1661.38,1663.3 1 0
github.com/noironetworks/aci-containers/pkg/apicapi/apicapi.go:1665.2,1665.12 1 0
